[36484:24600:0513/085231.423:ERROR:display_layout.cc(551)] PlacementList must be sorted by first 8 bits of display_id 
[36484:24600:0513/085339.129:ERROR:display_layout.cc(551)] PlacementList must be sorted by first 8 bits of display_id 
[36484:24600:0513/085346.323:ERROR:display_layout.cc(551)] PlacementList must be sorted by first 8 bits of display_id 
[36484:24600:0513/085352.004:ERROR:display_layout.cc(551)] PlacementList must be sorted by first 8 bits of display_id 
[36484:24600:0513/085402.296:ERROR:display_layout.cc(551)] PlacementList must be sorted by first 8 bits of display_id 
[36484:24600:0513/085403.807:ERROR:display_layout.cc(551)] PlacementList must be sorted by first 8 bits of display_id 
[36484:24600:0513/085551.606:ERROR:display_layout.cc(551)] PlacementList must be sorted by first 8 bits of display_id 
[36484:24600:0513/085558.737:ERROR:display_layout.cc(551)] PlacementList must be sorted by first 8 bits of display_id 
[36484:24600:0513/085600.482:ERROR:display_layout.cc(551)] PlacementList must be sorted by first 8 bits of display_id 
[36484:24600:0513/085709.064:ERROR:display_layout.cc(551)] PlacementList must be sorted by first 8 bits of display_id 
[36484:24600:0513/085808.096:ERROR:display_layout.cc(551)] PlacementList must be sorted by first 8 bits of display_id 
[36484:24600:0513/085810.045:ERROR:display_layout.cc(551)] PlacementList must be sorted by first 8 bits of display_id 
[36484:24600:0513/085823.554:ERROR:display_layout.cc(551)] PlacementList must be sorted by first 8 bits of display_id 
[36484:24600:0513/093016.125:ERROR:display_layout.cc(551)] PlacementList must be sorted by first 8 bits of display_id 
[36484:24600:0513/093027.531:ERROR:display_layout.cc(551)] PlacementList must be sorted by first 8 bits of display_id 
[36484:24600:0513/093028.688:ERROR:display_layout.cc(551)] PlacementList must be sorted by first 8 bits of display_id 
[36484:24600:0513/093029.322:ERROR:display_layout.cc(551)] PlacementList must be sorted by first 8 bits of display_id 
[36484:24600:0513/093029.402:ERROR:display_layout.cc(551)] PlacementList must be sorted by first 8 bits of display_id 
[36484:24600:0513/094230.414:ERROR:display_layout.cc(551)] PlacementList must be sorted by first 8 bits of display_id 
[36484:33916:0513/094445.247:ERROR:dns_config_service.cc(273)] DNS config watch failed.
[36484:24600:0513/094521.685:ERROR:display_layout.cc(551)] PlacementList must be sorted by first 8 bits of display_id 
[36484:24600:0513/095410.673:ERROR:display_layout.cc(551)] PlacementList must be sorted by first 8 bits of display_id 
[36484:24600:0513/095412.052:ERROR:display_layout.cc(551)] PlacementList must be sorted by first 8 bits of display_id 
[36484:24600:0513/101009.298:ERROR:display_layout.cc(551)] PlacementList must be sorted by first 8 bits of display_id 
[36484:24600:0513/104031.575:ERROR:display_layout.cc(551)] PlacementList must be sorted by first 8 bits of display_id 
[36484:24600:0513/104127.846:ERROR:display_layout.cc(551)] PlacementList must be sorted by first 8 bits of display_id 
[36484:24600:0513/104136.330:ERROR:display_layout.cc(551)] PlacementList must be sorted by first 8 bits of display_id 
[36484:24600:0513/104150.623:ERROR:display_layout.cc(551)] PlacementList must be sorted by first 8 bits of display_id 
[36484:24600:0513/104150.908:ERROR:display_layout.cc(551)] PlacementList must be sorted by first 8 bits of display_id 
[36484:24600:0513/104151.107:ERROR:display_layout.cc(551)] PlacementList must be sorted by first 8 bits of display_id 
[36484:24600:0513/104151.263:ERROR:display_layout.cc(551)] PlacementList must be sorted by first 8 bits of display_id 
[36484:24600:0513/110718.345:ERROR:display_layout.cc(551)] PlacementList must be sorted by first 8 bits of display_id 
[36484:24600:0513/110732.856:ERROR:display_layout.cc(551)] PlacementList must be sorted by first 8 bits of display_id 
[36484:24600:0513/110746.663:ERROR:display_layout.cc(551)] PlacementList must be sorted by first 8 bits of display_id 
[36484:24600:0513/110759.617:ERROR:display_layout.cc(551)] PlacementList must be sorted by first 8 bits of display_id 
[36484:24600:0513/110801.342:ERROR:display_layout.cc(551)] PlacementList must be sorted by first 8 bits of display_id 
[36484:24600:0513/110840.556:ERROR:display_layout.cc(551)] PlacementList must be sorted by first 8 bits of display_id 
[36484:24600:0513/111625.061:ERROR:display_layout.cc(551)] PlacementList must be sorted by first 8 bits of display_id 
[36484:24600:0513/111736.186:ERROR:display_layout.cc(551)] PlacementList must be sorted by first 8 bits of display_id 
[36484:24600:0513/111737.503:ERROR:display_layout.cc(551)] PlacementList must be sorted by first 8 bits of display_id 
[36484:24600:0513/111749.969:ERROR:display_layout.cc(551)] PlacementList must be sorted by first 8 bits of display_id 
[36484:24600:0513/111807.733:ERROR:display_layout.cc(551)] PlacementList must be sorted by first 8 bits of display_id 
[36484:24600:0513/111824.005:ERROR:display_layout.cc(551)] PlacementList must be sorted by first 8 bits of display_id 
[36484:24600:0513/111900.367:ERROR:display_layout.cc(551)] PlacementList must be sorted by first 8 bits of display_id 
[36484:24600:0513/111904.511:ERROR:display_layout.cc(551)] PlacementList must be sorted by first 8 bits of display_id 
[36484:24600:0513/111916.770:ERROR:display_layout.cc(551)] PlacementList must be sorted by first 8 bits of display_id 
[36484:24600:0513/112008.931:ERROR:display_layout.cc(551)] PlacementList must be sorted by first 8 bits of display_id 
[36484:24600:0513/112025.439:ERROR:display_layout.cc(551)] PlacementList must be sorted by first 8 bits of display_id 
[36484:24600:0513/112031.880:ERROR:display_layout.cc(551)] PlacementList must be sorted by first 8 bits of display_id 
[36484:24600:0513/112039.246:ERROR:display_layout.cc(551)] PlacementList must be sorted by first 8 bits of display_id 
[36484:24600:0513/112103.375:ERROR:display_layout.cc(551)] PlacementList must be sorted by first 8 bits of display_id 
[36484:24600:0513/112236.079:ERROR:display_layout.cc(551)] PlacementList must be sorted by first 8 bits of display_id 
[36484:24600:0513/112238.209:ERROR:display_layout.cc(551)] PlacementList must be sorted by first 8 bits of display_id 
[36484:24600:0513/112404.778:ERROR:display_layout.cc(551)] PlacementList must be sorted by first 8 bits of display_id 
[36484:24600:0513/112554.286:ERROR:display_layout.cc(551)] PlacementList must be sorted by first 8 bits of display_id 
[36484:24600:0513/112641.324:ERROR:display_layout.cc(551)] PlacementList must be sorted by first 8 bits of display_id 
[36484:24600:0513/112754.134:ERROR:display_layout.cc(551)] PlacementList must be sorted by first 8 bits of display_id 
[36484:24600:0513/112836.704:ERROR:display_layout.cc(551)] PlacementList must be sorted by first 8 bits of display_id 
[36484:24600:0513/112852.353:ERROR:display_layout.cc(551)] PlacementList must be sorted by first 8 bits of display_id 
[36484:24600:0513/112918.136:ERROR:display_layout.cc(551)] PlacementList must be sorted by first 8 bits of display_id 
[36484:24600:0513/112950.642:ERROR:display_layout.cc(551)] PlacementList must be sorted by first 8 bits of display_id 
[36484:24600:0513/113006.506:ERROR:display_layout.cc(551)] PlacementList must be sorted by first 8 bits of display_id 
[36484:24600:0513/113021.706:ERROR:display_layout.cc(551)] PlacementList must be sorted by first 8 bits of display_id 
[36484:24600:0513/113027.309:ERROR:display_layout.cc(551)] PlacementList must be sorted by first 8 bits of display_id 
[36484:24600:0513/113849.924:ERROR:display_layout.cc(551)] PlacementList must be sorted by first 8 bits of display_id 
[36484:24600:0513/113955.747:ERROR:display_layout.cc(551)] PlacementList must be sorted by first 8 bits of display_id 
[36484:24600:0513/114005.693:ERROR:display_layout.cc(551)] PlacementList must be sorted by first 8 bits of display_id 
[36484:24600:0513/114011.942:ERROR:display_layout.cc(551)] PlacementList must be sorted by first 8 bits of display_id 
["item------"][dyn_string 0 items
]
[36484:24600:0513/114119.452:ERROR:display_layout.cc(551)] PlacementList must be sorted by first 8 bits of display_id 
[36484:24600:0513/114120.765:ERROR:display_layout.cc(551)] PlacementList must be sorted by first 8 bits of display_id 
[36484:24600:0513/114141.339:ERROR:display_layout.cc(551)] PlacementList must be sorted by first 8 bits of display_id 
[36484:24600:0513/114449.005:ERROR:display_layout.cc(551)] PlacementList must be sorted by first 8 bits of display_id 
[36484:24600:0513/114453.050:ERROR:display_layout.cc(551)] PlacementList must be sorted by first 8 bits of display_id 
[36484:24600:0513/114454.910:ERROR:display_layout.cc(551)] PlacementList must be sorted by first 8 bits of display_id 
[36484:24600:0513/114528.392:ERROR:display_layout.cc(551)] PlacementList must be sorted by first 8 bits of display_id 
[36484:24600:0513/114530.329:ERROR:display_layout.cc(551)] PlacementList must be sorted by first 8 bits of display_id 
[36484:24600:0513/114548.258:ERROR:display_layout.cc(551)] PlacementList must be sorted by first 8 bits of display_id 
[36484:24600:0513/114550.017:ERROR:display_layout.cc(551)] PlacementList must be sorted by first 8 bits of display_id 
[36484:24600:0513/114600.687:ERROR:display_layout.cc(551)] PlacementList must be sorted by first 8 bits of display_id 
[36484:24600:0513/114602.891:ERROR:display_layout.cc(551)] PlacementList must be sorted by first 8 bits of display_id 
[36484:24600:0513/114636.568:ERROR:display_layout.cc(551)] PlacementList must be sorted by first 8 bits of display_id 
[36484:24600:0513/114641.127:ERROR:display_layout.cc(551)] PlacementList must be sorted by first 8 bits of display_id 
[36484:24600:0513/114719.656:ERROR:display_layout.cc(551)] PlacementList must be sorted by first 8 bits of display_id 
[36484:24600:0513/114748.020:ERROR:display_layout.cc(551)] PlacementList must be sorted by first 8 bits of display_id 
[36484:24600:0513/115059.991:ERROR:display_layout.cc(551)] PlacementList must be sorted by first 8 bits of display_id 
["item------"][dyn_string 1 items
     1: "\vSiemens\vSystem1\vAustria\vMattersburg\vVogler\vhome\vOriginal\vGovee\vGVH5075_2022\vTemperature"
]
[36484:24600:0513/131345.458:ERROR:display_layout.cc(551)] PlacementList must be sorted by first 8 bits of display_id 
[36484:24600:0513/131347.889:ERROR:display_layout.cc(551)] PlacementList must be sorted by first 8 bits of display_id 
[36484:24600:0513/131348.205:ERROR:display_layout.cc(551)] PlacementList must be sorted by first 8 bits of display_id 
[36484:24600:0513/131348.522:ERROR:display_layout.cc(551)] PlacementList must be sorted by first 8 bits of display_id 
[36484:24600:0513/131348.690:ERROR:display_layout.cc(551)] PlacementList must be sorted by first 8 bits of display_id 
[36484:24600:0513/131349.605:ERROR:display_layout.cc(551)] PlacementList must be sorted by first 8 bits of display_id 
[36484:24600:0513/131433.538:ERROR:display_layout.cc(551)] PlacementList must be sorted by first 8 bits of display_id 
[36484:24600:0513/131530.710:ERROR:display_layout.cc(551)] PlacementList must be sorted by first 8 bits of display_id 
[36484:24600:0513/135014.717:ERROR:display_layout.cc(551)] PlacementList must be sorted by first 8 bits of display_id 
[36484:24600:0513/135018.788:ERROR:display_layout.cc(551)] PlacementList must be sorted by first 8 bits of display_id 
[36484:24600:0513/135019.082:ERROR:display_layout.cc(551)] PlacementList must be sorted by first 8 bits of display_id 
[36484:24600:0513/135019.351:ERROR:display_layout.cc(551)] PlacementList must be sorted by first 8 bits of display_id 
[36484:24600:0513/135019.456:ERROR:display_layout.cc(551)] PlacementList must be sorted by first 8 bits of display_id 
[36484:24600:0513/135131.480:ERROR:display_layout.cc(551)] PlacementList must be sorted by first 8 bits of display_id 
[36484:24600:0513/135244.417:ERROR:display_layout.cc(551)] PlacementList must be sorted by first 8 bits of display_id 
[36484:24600:0513/135937.557:ERROR:display_layout.cc(551)] PlacementList must be sorted by first 8 bits of display_id 
[36484:24600:0513/140249.107:ERROR:display_layout.cc(551)] PlacementList must be sorted by first 8 bits of display_id 
[36484:24600:0513/140312.527:ERROR:display_layout.cc(551)] PlacementList must be sorted by first 8 bits of display_id 
[36484:24600:0513/140324.074:ERROR:display_layout.cc(551)] PlacementList must be sorted by first 8 bits of display_id 
[36484:24600:0513/140403.622:ERROR:display_layout.cc(551)] PlacementList must be sorted by first 8 bits of display_id 
[36484:24600:0513/140423.762:ERROR:display_layout.cc(551)] PlacementList must be sorted by first 8 bits of display_id 
[36484:24600:0513/140425.533:ERROR:display_layout.cc(551)] PlacementList must be sorted by first 8 bits of display_id 
[36484:24600:0513/140432.661:ERROR:display_layout.cc(551)] PlacementList must be sorted by first 8 bits of display_id 
[36484:24600:0513/140609.468:ERROR:display_layout.cc(551)] PlacementList must be sorted by first 8 bits of display_id 
[36484:24600:0513/140644.199:ERROR:display_layout.cc(551)] PlacementList must be sorted by first 8 bits of display_id 
[36484:24600:0513/140734.335:ERROR:display_layout.cc(551)] PlacementList must be sorted by first 8 bits of display_id 
[36484:24600:0513/140746.716:ERROR:display_layout.cc(551)] PlacementList must be sorted by first 8 bits of display_id 
[36484:24600:0513/140748.393:ERROR:display_layout.cc(551)] PlacementList must be sorted by first 8 bits of display_id 
[36484:24600:0513/140801.957:ERROR:display_layout.cc(551)] PlacementList must be sorted by first 8 bits of display_id 
[36484:24600:0513/140854.800:ERROR:display_layout.cc(551)] PlacementList must be sorted by first 8 bits of display_id 
[36484:24600:0513/141113.817:ERROR:display_layout.cc(551)] PlacementList must be sorted by first 8 bits of display_id 
[36484:24600:0513/141128.420:ERROR:display_layout.cc(551)] PlacementList must be sorted by first 8 bits of display_id 
[36484:24600:0513/141157.047:ERROR:display_layout.cc(551)] PlacementList must be sorted by first 8 bits of display_id 
[36484:24600:0513/141237.606:ERROR:display_layout.cc(551)] PlacementList must be sorted by first 8 bits of display_id 
[36484:24600:0513/141240.583:ERROR:display_layout.cc(551)] PlacementList must be sorted by first 8 bits of display_id 
[4548:8156:0514/111125.058:ERROR:display_layout.cc(551)] PlacementList must be sorted by first 8 bits of display_id 
[4548:8156:0514/111146.737:ERROR:display_layout.cc(551)] PlacementList must be sorted by first 8 bits of display_id 
[4548:8156:0514/111238.494:ERROR:display_layout.cc(551)] PlacementList must be sorted by first 8 bits of display_id 
[4548:8156:0514/111240.673:ERROR:display_layout.cc(551)] PlacementList must be sorted by first 8 bits of display_id 
[4548:8156:0514/111250.004:ERROR:display_layout.cc(551)] PlacementList must be sorted by first 8 bits of display_id 
[4548:8156:0514/111314.551:ERROR:display_layout.cc(551)] PlacementList must be sorted by first 8 bits of display_id 
[4548:8156:0514/111329.264:ERROR:display_layout.cc(551)] PlacementList must be sorted by first 8 bits of display_id 
[4548:8156:0514/111331.405:ERROR:display_layout.cc(551)] PlacementList must be sorted by first 8 bits of display_id 
[4548:8156:0514/111336.679:ERROR:display_layout.cc(551)] PlacementList must be sorted by first 8 bits of display_id 
[4548:8156:0514/111338.434:ERROR:display_layout.cc(551)] PlacementList must be sorted by first 8 bits of display_id 
[4548:8156:0514/111340.122:ERROR:display_layout.cc(551)] PlacementList must be sorted by first 8 bits of display_id 
[4548:8156:0514/111341.870:ERROR:display_layout.cc(551)] PlacementList must be sorted by first 8 bits of display_id 
[4548:8156:0514/112105.057:ERROR:display_layout.cc(551)] PlacementList must be sorted by first 8 bits of display_id 
[4548:8156:0514/133352.224:ERROR:display_layout.cc(551)] PlacementList must be sorted by first 8 bits of display_id 
[4548:8156:0514/133356.036:ERROR:display_layout.cc(551)] PlacementList must be sorted by first 8 bits of display_id 
[4548:8156:0514/133356.122:ERROR:display_layout.cc(551)] PlacementList must be sorted by first 8 bits of display_id 
[4548:8156:0514/133356.183:ERROR:display_layout.cc(551)] PlacementList must be sorted by first 8 bits of display_id 
[4548:8156:0514/133356.239:ERROR:display_layout.cc(551)] PlacementList must be sorted by first 8 bits of display_id 
[4548:8156:0514/134058.430:ERROR:display_layout.cc(551)] PlacementList must be sorted by first 8 bits of display_id 
[4548:8156:0514/134550.581:ERROR:display_layout.cc(551)] PlacementList must be sorted by first 8 bits of display_id 
[4548:8156:0514/135343.324:ERROR:display_layout.cc(551)] PlacementList must be sorted by first 8 bits of display_id 
[4548:8156:0514/135345.643:ERROR:display_layout.cc(551)] PlacementList must be sorted by first 8 bits of display_id 
["{
  \"Siemens\": {
    \"System1\": {
      \"Austria\": {
        \"Mattersburg\": {
          \"Vogler\": {
            \"home\": {
              \"Original\": {
                \"Meter_Output\": {
                  \"Signal\": {
                    \"type\": \"number\"
                  },
                  \"HighTime\": {
                    \"type\": \"number\"
                  },
                  \"WattAct\": {
                    \"type\": \"number\"
                  },
                  \"PercentChange\": {
                    \"type\": \"number\"
                  },
                  \"Value\": {
                    \"type\": \"number\"
                  }
                },
                \"PV\": {
                  \"Calc\": {
                    \"FlowWatt\": {
                      \"type\": \"number\"
                    }
                  },
                  \"Spot\": {
                    \"PDC1_WATT\": {
                      \"type\": \"number\"
                    },
                    \"PDC2_WATT\": {
                      \"type\": \"number\"
                    },
                    \"IDC1_AMP\": {
                      \"type\": \"number\"
                    },
                    \"IDC2_AMP\": {
                      \"type\": \"number\"
                    },
                    \"UDC1_VOLT\": {
                      \"type\": \"number\"
                    },
                    \"UDC2_VOLT\": {
                      \"type\": \"number\"
                    },
                    \"PAC1_WATT\": {
                      \"type\": \"number\"
                    },
                    \"PAC2_WATT\": {
                      \"type\": \"number\"
                    },
                    \"PAC3_WATT\": {
                      \"type\": \"number\"
                    },
                    \"IAC1_AMP\": {
                      \"type\": \"number\"
                    },
                    \"IAC2_AMP\": {
                      \"type\": \"number\"
                    },
                    \"IAC3_AMP\": {
                      \"type\": \"number\"
                    },
                    \"UAC1_VOLT\": {
                      \"type\": \"number\"
                    },
                    \"UAC2_VOLT\": {
                      \"type\": \"number\"
                    },
                    \"UAC3_VOLT\": {
                      \"type\": \"number\"
                    },
                    \"PDCTOT_WATT\": {
                      \"type\": \"number\"
                    },
                    \"PACTOT_WATT\": {
                      \"type\": \"number\"
                    },
                    \"EFFICIENCY_PRC\": {
                      \"type\": \"number\"
                    },
                    \"ETODAY_KWH\": {
                      \"type\": \"number\"
                    },
                    \"ETOTAL_KWH\": {
                      \"type\": \"number\"
                    },
                    \"FREQUENCEY_HZ\": {
                      \"type\": \"number\"
                    },
                    \"OPERATINGTIME_HOURS\": {
                      \"type\": \"number\"
                    },
                    \"FEEDINTIME_HOURS\": {
                      \"type\": \"number\"
                    },
                    \"BT_SIGNAL_PRC\": {
                      \"type\": \"number\"
                    }
                  },
                  \"Power\": {
                    \"WattAct\": {
                      \"type\": \"number\"
                    }
                  },
                  \"Hoymiles1\": {
                    \"Inverter\": {
                      \"GridVoltage\": {
                        \"type\": \"number\"
                      },
                      \"GridFrequency\": {
                        \"type\": \"number\"
                      },
                      \"Power\": {
                        \"type\": \"number\"
                      },
                      \"Temperature\": {
                        \"type\": \"number\"
                      }
                    },
                    \"PV0\": {
                      \"Voltage\": {
                        \"type\": \"number\"
                      },
                      \"Current\": {
                        \"type\": \"number\"
                      },
                      \"Power\": {
                        \"type\": \"number\"
                      },
                      \"EnergyTotal\": {
                        \"type\": \"number\"
                      },
                      \"DailyYield\": {
                        \"type\": \"number\"
                      }
                    },
                    \"PV1\": {
                      \"Voltage\": {
                        \"type\": \"number\"
                      },
                      \"Current\": {
                        \"type\": \"number\"
                      },
                      \"Power\": {
                        \"type\": \"number\"
                      },
                      \"EnergyTotal\": {
                        \"type\": \"number\"
                      },
                      \"DailyYield\": {
                        \"type\": \"number\"
                      }
                    }
                  }
                },
                \"Govee\": {
                  \"GVH5075_7565\": {
                    \"Temperature\": {
                      \"type\": \"number\"
                    },
                    \"Humidity\": {
                      \"type\": \"number\"
                    },
                    \"Battery\": {
                      \"type\": \"number\"
                    }
                  },
                  \"GVH5075_12DB\": {
                    \"Temperature\": {
                      \"type\": \"number\"
                    },
                    \"Humidity\": {
                      \"type\": \"number\"
                    },
                    \"Battery\": {
                      \"type\": \"number\"
                    }
                  },
                  \"GVH5075_1C42\": {
                    \"Temperature\": {
                      \"type\": \"number\"
                    },
                    \"Humidity\": {
                      \"type\": \"number\"
                    },
                    \"Battery\": {
                      \"type\": \"number\"
                    }
                  },
                  \"GVH5075_519B\": {
                    \"Temperature\": {
                      \"type\": \"number\"
                    },
                    \"Humidity\": {
                      \"type\": \"number\"
                    },
                    \"Battery\": {
                      \"type\": \"number\"
                    }
                  },
                  \"GVH5075_41CE\": {
                    \"Temperature\": {
                      \"type\": \"number\"
                    },
                    \"Humidity\": {
                      \"type\": \"number\"
                    },
                    \"Battery\": {
                      \"type\": \"number\"
                    }
                  },
                  \"GVH5075_2022\": {
                    \"Temperature\": {
                      \"type\": \"number\"
                    },
                    \"Humidity\": {
                      \"type\": \"number\"
                    },
                    \"Battery\": {
                      \"type\": \"number\"
                    }
                  },
                  \"GVH5075_6212\": {
                    \"Temperature\": {
                      \"type\": \"number\"
                    },
                    \"Humidity\": {
                      \"type\": \"number\"
                    },
                    \"Battery\": {
                      \"type\": \"number\"
                    }
                  }
                },
                \"Meter_Input\": {
                  \"Signal\": {
                    \"type\": \"number\"
                  },
                  \"HighTime\": {
                    \"type\": \"number\"
                  },
                  \"WattAct\": {
                    \"type\": \"number\"
                  },
                  \"PercentChange\": {
                    \"type\": \"number\"
                  },
                  \"Value\": {
                    \"type\": \"number\"
                  }
                },
                \"Tasmota\": {
                  \"1487D9\": {
                    \"Voltage\": {
                      \"type\": \"number\"
                    },
                    \"Current\": {
                      \"type\": \"number\"
                    },
                    \"Temperature\": {
                      \"type\": \"number\"
                    },
                    \"Factor\": {
                      \"type\": \"number\"
                    },
                    \"ApparentPower\": {
                      \"type\": \"number\"
                    },
                    \"ReactivePower\": {
                      \"type\": \"number\"
                    },
                    \"Total\": {
                      \"type\": \"number\"
                    },
                    \"Today\": {
                      \"type\": \"number\"
                    }
                  },
                  \"14CF4C\": {
                    \"ReactivePower\": {
                      \"type\": \"number\"
                    },
                    \"Current\": {
                      \"type\": \"number\"
                    },
                    \"Temperature\": {
                      \"type\": \"number\"
                    },
                    \"Total\": {
                      \"type\": \"number\"
                    },
                    \"Today\": {
                      \"type\": \"number\"
                    },
                    \"Power\": {
                      \"type\": \"number\"
                    },
                    \"Factor\": {
                      \"type\": \"number\"
                    },
                    \"ApparentPower\": {
                      \"type\": \"number\"
                    },
                    \"Voltage\": {
                      \"type\": \"number\"
                    }
                  },
                  \"14835A\": {
                    \"Current\": {
                      \"type\": \"number\"
                    },
                    \"Temperature\": {
                      \"type\": \"number\"
                    },
                    \"Factor\": {
                      \"type\": \"number\"
                    },
                    \"Total\": {
                      \"type\": \"number\"
                    },
                    \"Today\": {
                      \"type\": \"number\"
                    },
                    \"ApparentPower\": {
                      \"type\": \"number\"
                    },
                    \"Voltage\": {
                      \"type\": \"number\"
                    },
                    \"ReactivePower\": {
                      \"type\": \"number\"
                    },
                    \"Power\": {
                      \"type\": \"number\"
                    }
                  },
                  \"F408B1\": {
                    \"Temperature\": {
                      \"type\": \"number\"
                    },
                    \"Power\": {
                      \"type\": \"number\"
                    },
                    \"Voltage\": {
                      \"type\": \"number\"
                    },
                    \"Current\": {
                      \"type\": \"number\"
                    },
                    \"Factor\": {
                      \"type\": \"number\"
                    },
                    \"Total\": {
                      \"type\": \"number\"
                    },
                    \"Today\": {
                      \"type\": \"number\"
                    },
                    \"ApparentPower\": {
                      \"type\": \"number\"
                    },
                    \"ReactivePower\": {
                      \"type\": \"number\"
                    }
                  }
                },
                \"Temperature\": {
                  \"Boiler\": {
                    \"Value\": {
                      \"type\": \"number\"
                    },
                    \"Crc\": {
                      \"type\": \"string\"
                    }
                  },
                  \"Outside\": {
                    \"Value\": {
                      \"type\": \"number\"
                    },
                    \"Crc\": {
                      \"type\": \"string\"
                    }
                  }
                }
              }
            }
          }
        }
      }
    }
  }
}"]
[4548:8156:0514/135607.242:ERROR:display_layout.cc(551)] PlacementList must be sorted by first 8 bits of display_id 
[4548:8156:0514/135634.324:ERROR:display_layout.cc(551)] PlacementList must be sorted by first 8 bits of display_id 
[mapping 1 items
   "Siemens" : mapping 1 items
	   "System1" : mapping 1 items
		   "Austria" : mapping 1 items
			   "Mattersburg" : mapping 1 items
				   "Vogler" : mapping 1 items
					   "home" : mapping 1 items
						   "Original" : mapping 6 items
							   "Meter_Output" : mapping 5 items
								   "Signal" : mapping 1 items
									   "type" : "number"

								   "HighTime" : mapping 1 items
									   "type" : "number"

								   "WattAct" : mapping 1 items
									   "type" : "number"

								   "Value" : mapping 1 items
									   "type" : "number"

								   "PercentChange" : mapping 1 items
									   "type" : "number"


							   "PV" : mapping 4 items
								   "Calc" : mapping 1 items
									   "FlowWatt" : mapping 1 items
										   "type" : "number"


								   "Spot" : mapping 24 items
									   "PDC1_WATT" : mapping 1 items
										   "type" : "number"

									   "UDC2_VOLT" : mapping 1 items
										   "type" : "number"

									   "PDC2_WATT" : mapping 1 items
										   "type" : "number"

									   "IDC1_AMP" : mapping 1 items
										   "type" : "number"

									   "IDC2_AMP" : mapping 1 items
										   "type" : "number"

									   "UDC1_VOLT" : mapping 1 items
										   "type" : "number"

									   "FREQUENCEY_HZ" : mapping 1 items
										   "type" : "number"

									   "PAC1_WATT" : mapping 1 items
										   "type" : "number"

									   "ETODAY_KWH" : mapping 1 items
										   "type" : "number"

									   "EFFICIENCY_PRC" : mapping 1 items
										   "type" : "number"

									   "PAC2_WATT" : mapping 1 items
										   "type" : "number"

									   "PAC3_WATT" : mapping 1 items
										   "type" : "number"

									   "IAC1_AMP" : mapping 1 items
										   "type" : "number"

									   "IAC2_AMP" : mapping 1 items
										   "type" : "number"

									   "IAC3_AMP" : mapping 1 items
										   "type" : "number"

									   "UAC1_VOLT" : mapping 1 items
										   "type" : "number"

									   "UAC2_VOLT" : mapping 1 items
										   "type" : "number"

									   "UAC3_VOLT" : mapping 1 items
										   "type" : "number"

									   "PDCTOT_WATT" : mapping 1 items
										   "type" : "number"

									   "PACTOT_WATT" : mapping 1 items
										   "type" : "number"

									   "ETOTAL_KWH" : mapping 1 items
										   "type" : "number"

									   "OPERATINGTIME_HOURS" : mapping 1 items
										   "type" : "number"

									   "FEEDINTIME_HOURS" : mapping 1 items
										   "type" : "number"

									   "BT_SIGNAL_PRC" : mapping 1 items
										   "type" : "number"


								   "Hoymiles1" : mapping 3 items
									   "Inverter" : mapping 4 items
										   "Temperature" : mapping 1 items
											   "type" : "number"

										   "GridFrequency" : mapping 1 items
											   "type" : "number"

										   "GridVoltage" : mapping 1 items
											   "type" : "number"

										   "Power" : mapping 1 items
											   "type" : "number"


									   "PV0" : mapping 5 items
										   "Voltage" : mapping 1 items
											   "type" : "number"

										   "Power" : mapping 1 items
											   "type" : "number"

										   "Current" : mapping 1 items
											   "type" : "number"

										   "EnergyTotal" : mapping 1 items
											   "type" : "number"

										   "DailyYield" : mapping 1 items
											   "type" : "number"


									   "PV1" : mapping 5 items
										   "Voltage" : mapping 1 items
											   "type" : "number"

										   "Power" : mapping 1 items
											   "type" : "number"

										   "Current" : mapping 1 items
											   "type" : "number"

										   "EnergyTotal" : mapping 1 items
											   "type" : "number"

										   "DailyYield" : mapping 1 items
											   "type" : "number"



								   "Power" : mapping 1 items
									   "WattAct" : mapping 1 items
										   "type" : "number"



							   "Temperature" : mapping 2 items
								   "Boiler" : mapping 2 items
									   "Value" : mapping 1 items
										   "type" : "number"

									   "Crc" : mapping 1 items
										   "type" : "string"


								   "Outside" : mapping 2 items
									   "Value" : mapping 1 items
										   "type" : "number"

									   "Crc" : mapping 1 items
										   "type" : "string"



							   "Govee" : mapping 7 items
								   "GVH5075_12DB" : mapping 3 items
									   "Temperature" : mapping 1 items
										   "type" : "number"

									   "Humidity" : mapping 1 items
										   "type" : "number"

									   "Battery" : mapping 1 items
										   "type" : "number"


								   "GVH5075_7565" : mapping 3 items
									   "Temperature" : mapping 1 items
										   "type" : "number"

									   "Humidity" : mapping 1 items
										   "type" : "number"

									   "Battery" : mapping 1 items
										   "type" : "number"


								   "GVH5075_1C42" : mapping 3 items
									   "Temperature" : mapping 1 items
										   "type" : "number"

									   "Humidity" : mapping 1 items
										   "type" : "number"

									   "Battery" : mapping 1 items
										   "type" : "number"


								   "GVH5075_519B" : mapping 3 items
									   "Temperature" : mapping 1 items
										   "type" : "number"

									   "Humidity" : mapping 1 items
										   "type" : "number"

									   "Battery" : mapping 1 items
										   "type" : "number"


								   "GVH5075_6212" : mapping 3 items
									   "Temperature" : mapping 1 items
										   "type" : "number"

									   "Humidity" : mapping 1 items
										   "type" : "number"

									   "Battery" : mapping 1 items
										   "type" : "number"


								   "GVH5075_41CE" : mapping 3 items
									   "Temperature" : mapping 1 items
										   "type" : "number"

									   "Humidity" : mapping 1 items
										   "type" : "number"

									   "Battery" : mapping 1 items
										   "type" : "number"


								   "GVH5075_2022" : mapping 3 items
									   "Temperature" : mapping 1 items
										   "type" : "number"

									   "Humidity" : mapping 1 items
										   "type" : "number"

									   "Battery" : mapping 1 items
										   "type" : "number"



							   "Meter_Input" : mapping 5 items
								   "Signal" : mapping 1 items
									   "type" : "number"

								   "HighTime" : mapping 1 items
									   "type" : "number"

								   "WattAct" : mapping 1 items
									   "type" : "number"

								   "Value" : mapping 1 items
									   "type" : "number"

								   "PercentChange" : mapping 1 items
									   "type" : "number"


							   "Tasmota" : mapping 4 items
								   "F408B1" : mapping 9 items
									   "Temperature" : mapping 1 items
										   "type" : "number"

									   "Today" : mapping 1 items
										   "type" : "number"

									   "Power" : mapping 1 items
										   "type" : "number"

									   "Factor" : mapping 1 items
										   "type" : "number"

									   "Current" : mapping 1 items
										   "type" : "number"

									   "ApparentPower" : mapping 1 items
										   "type" : "number"

									   "Total" : mapping 1 items
										   "type" : "number"

									   "Voltage" : mapping 1 items
										   "type" : "number"

									   "ReactivePower" : mapping 1 items
										   "type" : "number"


								   "1487D9" : mapping 8 items
									   "Total" : mapping 1 items
										   "type" : "number"

									   "ApparentPower" : mapping 1 items
										   "type" : "number"

									   "Voltage" : mapping 1 items
										   "type" : "number"

									   "Today" : mapping 1 items
										   "type" : "number"

									   "Factor" : mapping 1 items
										   "type" : "number"

									   "Current" : mapping 1 items
										   "type" : "number"

									   "Temperature" : mapping 1 items
										   "type" : "number"

									   "ReactivePower" : mapping 1 items
										   "type" : "number"


								   "14CF4C" : mapping 9 items
									   "ReactivePower" : mapping 1 items
										   "type" : "number"

									   "Power" : mapping 1 items
										   "type" : "number"

									   "Factor" : mapping 1 items
										   "type" : "number"

									   "Today" : mapping 1 items
										   "type" : "number"

									   "Current" : mapping 1 items
										   "type" : "number"

									   "Temperature" : mapping 1 items
										   "type" : "number"

									   "ApparentPower" : mapping 1 items
										   "type" : "number"

									   "Total" : mapping 1 items
										   "type" : "number"

									   "Voltage" : mapping 1 items
										   "type" : "number"


								   "14835A" : mapping 9 items
									   "Today" : mapping 1 items
										   "type" : "number"

									   "Power" : mapping 1 items
										   "type" : "number"

									   "Factor" : mapping 1 items
										   "type" : "number"

									   "Current" : mapping 1 items
										   "type" : "number"

									   "Temperature" : mapping 1 items
										   "type" : "number"

									   "Voltage" : mapping 1 items
										   "type" : "number"

									   "ApparentPower" : mapping 1 items
										   "type" : "number"

									   "Total" : mapping 1 items
										   "type" : "number"

									   "ReactivePower" : mapping 1 items
										   "type" : "number"










]
[4548:8156:0514/135719.690:ERROR:display_layout.cc(551)] PlacementList must be sorted by first 8 bits of display_id 
[1]
[4548:8156:0514/135926.674:ERROR:display_layout.cc(551)] PlacementList must be sorted by first 8 bits of display_id 
[4548:8156:0514/140208.856:ERROR:display_layout.cc(551)] PlacementList must be sorted by first 8 bits of display_id 
[4548:8156:0514/140228.707:ERROR:display_layout.cc(551)] PlacementList must be sorted by first 8 bits of display_id 
[4548:8156:0514/140233.374:ERROR:display_layout.cc(551)] PlacementList must be sorted by first 8 bits of display_id 
[4548:8156:0514/140411.063:ERROR:display_layout.cc(551)] PlacementList must be sorted by first 8 bits of display_id 
[4548:8156:0514/142055.557:ERROR:display_layout.cc(551)] PlacementList must be sorted by first 8 bits of display_id 
[4548:8156:0514/142120.931:ERROR:display_layout.cc(551)] PlacementList must be sorted by first 8 bits of display_id 
[4548:8156:0514/142608.151:ERROR:display_layout.cc(551)] PlacementList must be sorted by first 8 bits of display_id 
[4548:8156:0514/142615.522:ERROR:display_layout.cc(551)] PlacementList must be sorted by first 8 bits of display_id 
[4548:8156:0514/142646.708:ERROR:display_layout.cc(551)] PlacementList must be sorted by first 8 bits of display_id 
[4548:8156:0514/142706.152:ERROR:display_layout.cc(551)] PlacementList must be sorted by first 8 bits of display_id 
[4548:8156:0514/142719.981:ERROR:display_layout.cc(551)] PlacementList must be sorted by first 8 bits of display_id 
[4548:8156:0514/142731.777:ERROR:display_layout.cc(551)] PlacementList must be sorted by first 8 bits of display_id 
[4548:8156:0514/142807.225:ERROR:display_layout.cc(551)] PlacementList must be sorted by first 8 bits of display_id 
[4548:8156:0514/143002.073:ERROR:display_layout.cc(551)] PlacementList must be sorted by first 8 bits of display_id 
[4548:8156:0514/143042.022:ERROR:display_layout.cc(551)] PlacementList must be sorted by first 8 bits of display_id 
[4548:8156:0514/143122.382:ERROR:display_layout.cc(551)] PlacementList must be sorted by first 8 bits of display_id 
[4548:8156:0514/143142.967:ERROR:display_layout.cc(551)] PlacementList must be sorted by first 8 bits of display_id 
[4548:8156:0514/143312.418:ERROR:display_layout.cc(551)] PlacementList must be sorted by first 8 bits of display_id 
[4548:8156:0514/143338.214:ERROR:display_layout.cc(551)] PlacementList must be sorted by first 8 bits of display_id 
[4548:8156:0514/143352.104:ERROR:display_layout.cc(551)] PlacementList must be sorted by first 8 bits of display_id 
[4548:8156:0514/143358.517:ERROR:display_layout.cc(551)] PlacementList must be sorted by first 8 bits of display_id 
[4548:8156:0514/143400.084:ERROR:display_layout.cc(551)] PlacementList must be sorted by first 8 bits of display_id 
["--------------"][dyn_string 46 items
     1: "Siemens/System1/Austria/Mattersburg/Vogler/home/Original/PV/Spot/IAC2_AMP	number"
     2: "Siemens/System1/Austria/Mattersburg/Vogler/home/Original/PV/Spot/IAC3_AMP	number"
     3: "Siemens/System1/Austria/Mattersburg/Vogler/home/Original/PV/Spot/UAC1_VOLT	number"
     4: "Siemens/System1/Austria/Mattersburg/Vogler/home/Original/PV/Spot/UAC2_VOLT	number"
     5: "Siemens/System1/Austria/Mattersburg/Vogler/home/Original/Govee/GVH5075_6212/Temperature	number"
     6: "Siemens/System1/Austria/Mattersburg/Vogler/home/Original/Govee/GVH5075_6212/Humidity	number"
     7: "Siemens/System1/Austria/Mattersburg/Vogler/home/Original/Govee/GVH5075_6212/Battery	number"
     8: "Siemens/System1/Austria/Mattersburg/Vogler/home/Original/Tasmota/14CF4C/Temperature	number"
     9: "Siemens/System1/Austria/Mattersburg/Vogler/home/Original/Tasmota/14CF4C/Factor	number"
    10: "Siemens/System1/Austria/Mattersburg/Vogler/home/Original/Tasmota/14CF4C/ReactivePower	number"
    11: "Siemens/System1/Austria/Mattersburg/Vogler/home/Original/Tasmota/14CF4C/Current	number"
    12: "Siemens/System1/Austria/Mattersburg/Vogler/home/Original/Tasmota/14CF4C/ApparentPower	number"
    13: "Siemens/System1/Austria/Mattersburg/Vogler/home/Original/Tasmota/14CF4C/Voltage	number"
    14: "Siemens/System1/Austria/Mattersburg/Vogler/home/Original/Tasmota/14CF4C/Power	number"
    15: "Siemens/System1/Austria/Mattersburg/Vogler/home/Original/PV/Spot/UAC3_VOLT	number"
    16: "Siemens/System1/Austria/Mattersburg/Vogler/home/Original/Tasmota/14835A/Temperature	number"
    17: "Siemens/System1/Austria/Mattersburg/Vogler/home/Original/Tasmota/14835A/ApparentPower	number"
    18: "Siemens/System1/Austria/Mattersburg/Vogler/home/Original/Tasmota/14835A/Current	number"
    19: "Siemens/System1/Austria/Mattersburg/Vogler/home/Original/Tasmota/14835A/Factor	number"
    20: "Siemens/System1/Austria/Mattersburg/Vogler/home/Original/Tasmota/14835A/Voltage	number"
    21: "Siemens/System1/Austria/Mattersburg/Vogler/home/Original/PV/Spot/PDCTOT_WATT	number"
    22: "Siemens/System1/Austria/Mattersburg/Vogler/home/Original/PV/Power/WattAct	number"
    23: "Siemens/System1/Austria/Mattersburg/Vogler/home/Original/PV/Spot/PACTOT_WATT	number"
    24: "Siemens/System1/Austria/Mattersburg/Vogler/home/Original/PV/Spot/EFFICIENCY_PRC	number"
    25: "Siemens/System1/Austria/Mattersburg/Vogler/home/Original/PV/Spot/ETODAY_KWH	number"
    26: "Siemens/System1/Austria/Mattersburg/Vogler/home/Original/PV/Spot/ETOTAL_KWH	number"
    27: "Siemens/System1/Austria/Mattersburg/Vogler/home/Original/PV/Spot/FREQUENCEY_HZ	number"
    28: "Siemens/System1/Austria/Mattersburg/Vogler/home/Original/PV/Spot/OPERATINGTIME_HOURS	number"
    29: "Siemens/System1/Austria/Mattersburg/Vogler/home/Original/Govee/GVH5075_2022/Temperature	number"
    30: "Siemens/System1/Austria/Mattersburg/Vogler/home/Original/PV/Spot/FEEDINTIME_HOURS	number"
    31: "Siemens/System1/Austria/Mattersburg/Vogler/home/Original/PV/Spot/BT_SIGNAL_PRC	number"
    32: "Siemens/System1/Austria/Mattersburg/Vogler/home/Original/Govee/GVH5075_2022/Battery	number"
    33: "Siemens/System1/Austria/Mattersburg/Vogler/home/Original/Govee/GVH5075_2022/Humidity	number"
    34: "Siemens/System1/Austria/Mattersburg/Vogler/home/Original/Meter_Output/Signal	number"
    35: "Siemens/System1/Austria/Mattersburg/Vogler/home/Original/Meter_Output/HighTime	number"
    36: "Siemens/System1/Austria/Mattersburg/Vogler/home/Original/Meter_Output/WattAct	number"
    37: "Siemens/System1/Austria/Mattersburg/Vogler/home/Original/PV/Calc/FlowWatt	number"
    38: "Siemens/System1/Austria/Mattersburg/Vogler/home/Original/Meter_Output/PercentChange	number"
    39: "Siemens/System1/Austria/Mattersburg/Vogler/home/Original/Govee/GVH5075_7565/Temperature	number"
    40: "Siemens/System1/Austria/Mattersburg/Vogler/home/Original/Govee/GVH5075_7565/Humidity	number"
    41: "Siemens/System1/Austria/Mattersburg/Vogler/home/Original/Govee/GVH5075_7565/Battery	number"
    42: "Siemens/System1/Austria/Mattersburg/Vogler/home/Original/Tasmota/F408B1/ReactivePower	number"
    43: "Siemens/System1/Austria/Mattersburg/Vogler/home/Original/Tasmota/F408B1/Voltage	number"
    44: "Siemens/System1/Austria/Mattersburg/Vogler/home/Original/Govee/GVH5075_41CE/Battery	number"
    45: "Siemens/System1/Austria/Mattersburg/Vogler/home/Original/Govee/GVH5075_41CE/Temperature	number"
    46: "Siemens/System1/Austria/Mattersburg/Vogler/home/Original/Govee/GVH5075_41CE/Humidity	number"
]
[4548:8156:0514/143429.744:ERROR:display_layout.cc(551)] PlacementList must be sorted by first 8 bits of display_id 
[4548:8156:0514/143443.448:ERROR:display_layout.cc(551)] PlacementList must be sorted by first 8 bits of display_id 
[4548:8156:0514/143505.468:ERROR:display_layout.cc(551)] PlacementList must be sorted by first 8 bits of display_id 
["--------------"][27]
[4548:8156:0514/143551.228:ERROR:display_layout.cc(551)] PlacementList must be sorted by first 8 bits of display_id 
[4548:8156:0514/143841.149:ERROR:display_layout.cc(551)] PlacementList must be sorted by first 8 bits of display_id 
[4548:8156:0514/143846.577:ERROR:display_layout.cc(551)] PlacementList must be sorted by first 8 bits of display_id 
[4548:8156:0514/144426.285:ERROR:display_layout.cc(551)] PlacementList must be sorted by first 8 bits of display_id 
[4548:8156:0514/144510.140:ERROR:display_layout.cc(551)] PlacementList must be sorted by first 8 bits of display_id 
[4548:8156:0514/144517.865:ERROR:display_layout.cc(551)] PlacementList must be sorted by first 8 bits of display_id 
[4548:8156:0514/144907.298:ERROR:display_layout.cc(551)] PlacementList must be sorted by first 8 bits of display_id 
[4548:8156:0514/150907.640:ERROR:display_layout.cc(551)] PlacementList must be sorted by first 8 bits of display_id 
[4548:8156:0514/151610.924:ERROR:display_layout.cc(551)] PlacementList must be sorted by first 8 bits of display_id 
[4548:8156:0514/151627.521:ERROR:display_layout.cc(551)] PlacementList must be sorted by first 8 bits of display_id 
[4548:8156:0514/151828.852:ERROR:display_layout.cc(551)] PlacementList must be sorted by first 8 bits of display_id 
[4548:8156:0514/151902.907:ERROR:display_layout.cc(551)] PlacementList must be sorted by first 8 bits of display_id 
[4548:8156:0514/152034.353:ERROR:display_layout.cc(551)] PlacementList must be sorted by first 8 bits of display_id 
[4548:8156:0514/152414.160:ERROR:display_layout.cc(551)] PlacementList must be sorted by first 8 bits of display_id 
[4548:8156:0514/152421.685:ERROR:display_layout.cc(551)] PlacementList must be sorted by first 8 bits of display_id 
[4548:8156:0514/152627.164:ERROR:display_layout.cc(551)] PlacementList must be sorted by first 8 bits of display_id 
[4548:8156:0514/152823.304:ERROR:display_layout.cc(551)] PlacementList must be sorted by first 8 bits of display_id 
[4548:8156:0514/152906.898:ERROR:display_layout.cc(551)] PlacementList must be sorted by first 8 bits of display_id 
[4548:8156:0514/152946.323:ERROR:display_layout.cc(551)] PlacementList must be sorted by first 8 bits of display_id 
[4548:8156:0514/153547.841:ERROR:display_layout.cc(551)] PlacementList must be sorted by first 8 bits of display_id 
[4548:8156:0514/154111.982:ERROR:display_layout.cc(551)] PlacementList must be sorted by first 8 bits of display_id 
[4548:8156:0514/154345.499:ERROR:display_layout.cc(551)] PlacementList must be sorted by first 8 bits of display_id 
[4548:8156:0514/154349.641:ERROR:display_layout.cc(551)] PlacementList must be sorted by first 8 bits of display_id 
[4548:8156:0514/154355.332:ERROR:display_layout.cc(551)] PlacementList must be sorted by first 8 bits of display_id 
[4548:8156:0514/154644.310:ERROR:display_layout.cc(551)] PlacementList must be sorted by first 8 bits of display_id 
[4548:8156:0514/154649.601:ERROR:display_layout.cc(551)] PlacementList must be sorted by first 8 bits of display_id 
[4548:8156:0514/160120.977:ERROR:display_layout.cc(551)] PlacementList must be sorted by first 8 bits of display_id 
[4548:8156:0514/160124.757:ERROR:display_layout.cc(551)] PlacementList must be sorted by first 8 bits of display_id 
[4548:8156:0514/160204.636:ERROR:display_layout.cc(551)] PlacementList must be sorted by first 8 bits of display_id 
[4548:8156:0514/160223.570:ERROR:display_layout.cc(551)] PlacementList must be sorted by first 8 bits of display_id 
[4548:8156:0514/160235.629:ERROR:display_layout.cc(551)] PlacementList must be sorted by first 8 bits of display_id 
[4548:8156:0514/160514.154:ERROR:display_layout.cc(551)] PlacementList must be sorted by first 8 bits of display_id 
[4548:8156:0514/161108.441:ERROR:display_layout.cc(551)] PlacementList must be sorted by first 8 bits of display_id 
[4548:8156:0514/163333.383:ERROR:display_layout.cc(551)] PlacementList must be sorted by first 8 bits of display_id 
[4548:8156:0514/163333.732:ERROR:display_layout.cc(551)] PlacementList must be sorted by first 8 bits of display_id 
[4548:8156:0514/163335.663:ERROR:display_layout.cc(551)] PlacementList must be sorted by first 8 bits of display_id 
[4548:8156:0514/163335.720:ERROR:display_layout.cc(551)] PlacementList must be sorted by first 8 bits of display_id 
[4548:8156:0514/163335.779:ERROR:display_layout.cc(551)] PlacementList must be sorted by first 8 bits of display_id 
[4548:8156:0514/163418.730:ERROR:display_layout.cc(551)] PlacementList must be sorted by first 8 bits of display_id 
[4548:8156:0514/163828.227:ERROR:display_layout.cc(551)] PlacementList must be sorted by first 8 bits of display_id 
[12560:27944:0514/164000.080:ERROR:display_layout.cc(551)] PlacementList must be sorted by first 8 bits of display_id 
[12560:27944:0514/164044.153:ERROR:display_layout.cc(551)] PlacementList must be sorted by first 8 bits of display_id 
[12560:27944:0514/164053.641:ERROR:display_layout.cc(551)] PlacementList must be sorted by first 8 bits of display_id 
[12560:27944:0514/164104.894:ERROR:display_layout.cc(551)] PlacementList must be sorted by first 8 bits of display_id 
[12560:27944:0514/164106.413:ERROR:display_layout.cc(551)] PlacementList must be sorted by first 8 bits of display_id 
[12560:27944:0514/164121.882:ERROR:display_layout.cc(551)] PlacementList must be sorted by first 8 bits of display_id 
[12560:27944:0514/164152.767:ERROR:display_layout.cc(551)] PlacementList must be sorted by first 8 bits of display_id 
[12560:27944:0514/164226.633:ERROR:display_layout.cc(551)] PlacementList must be sorted by first 8 bits of display_id 
[12560:27944:0514/164227.959:ERROR:display_layout.cc(551)] PlacementList must be sorted by first 8 bits of display_id 
[12560:27944:0514/164244.193:ERROR:display_layout.cc(551)] PlacementList must be sorted by first 8 bits of display_id 
[12560:27944:0514/164338.492:ERROR:display_layout.cc(551)] PlacementList must be sorted by first 8 bits of display_id 
[12560:27944:0514/164339.827:ERROR:display_layout.cc(551)] PlacementList must be sorted by first 8 bits of display_id 
[12560:27944:0514/164349.618:ERROR:display_layout.cc(551)] PlacementList must be sorted by first 8 bits of display_id 
[12560:27944:0514/164414.859:ERROR:display_layout.cc(551)] PlacementList must be sorted by first 8 bits of display_id 
[12560:27944:0514/164419.209:ERROR:display_layout.cc(551)] PlacementList must be sorted by first 8 bits of display_id 
[12560:27944:0514/164428.003:ERROR:display_layout.cc(551)] PlacementList must be sorted by first 8 bits of display_id 
[12560:27944:0514/164502.699:ERROR:display_layout.cc(551)] PlacementList must be sorted by first 8 bits of display_id 
[12560:27944:0514/164509.708:ERROR:display_layout.cc(551)] PlacementList must be sorted by first 8 bits of display_id 
[12560:27944:0514/164511.971:ERROR:display_layout.cc(551)] PlacementList must be sorted by first 8 bits of display_id 
[12560:27944:0514/174539.336:ERROR:display_layout.cc(551)] PlacementList must be sorted by first 8 bits of display_id 
[12560:27944:0514/174549.025:ERROR:display_layout.cc(551)] PlacementList must be sorted by first 8 bits of display_id 
[9964:10748:0522/114322.122:ERROR:display_layout.cc(551)] PlacementList must be sorted by first 8 bits of display_id 
[9964:10748:0522/114323.144:ERROR:display_layout.cc(551)] PlacementList must be sorted by first 8 bits of display_id 
[9964:10748:0522/114345.429:ERROR:display_layout.cc(551)] PlacementList must be sorted by first 8 bits of display_id 
[9964:10748:0522/114900.400:ERROR:display_layout.cc(551)] PlacementList must be sorted by first 8 bits of display_id 
[9964:10748:0522/115030.678:ERROR:display_layout.cc(551)] PlacementList must be sorted by first 8 bits of display_id 
[9964:10748:0522/115332.560:ERROR:display_layout.cc(551)] PlacementList must be sorted by first 8 bits of display_id 
[9964:10748:0522/115409.627:ERROR:display_layout.cc(551)] PlacementList must be sorted by first 8 bits of display_id 
[9964:10748:0522/115415.887:ERROR:display_layout.cc(551)] PlacementList must be sorted by first 8 bits of display_id 
[9964:10748:0522/115424.383:ERROR:display_layout.cc(551)] PlacementList must be sorted by first 8 bits of display_id 
[9964:10748:0522/115543.988:ERROR:display_layout.cc(551)] PlacementList must be sorted by first 8 bits of display_id 
[9964:10748:0522/115753.898:ERROR:display_layout.cc(551)] PlacementList must be sorted by first 8 bits of display_id 
[9964:10748:0522/115911.871:ERROR:display_layout.cc(551)] PlacementList must be sorted by first 8 bits of display_id 
[9964:10748:0522/115927.177:ERROR:display_layout.cc(551)] PlacementList must be sorted by first 8 bits of display_id 
[9964:10748:0522/115940.173:ERROR:display_layout.cc(551)] PlacementList must be sorted by first 8 bits of display_id 
[9964:10748:0522/115943.634:ERROR:display_layout.cc(551)] PlacementList must be sorted by first 8 bits of display_id 
[9964:10748:0522/115954.989:ERROR:display_layout.cc(551)] PlacementList must be sorted by first 8 bits of display_id 
[9964:10748:0522/120142.407:ERROR:display_layout.cc(551)] PlacementList must be sorted by first 8 bits of display_id 
[9964:10748:0522/120151.169:ERROR:display_layout.cc(551)] PlacementList must be sorted by first 8 bits of display_id 
[9964:10748:0522/120151.590:ERROR:display_layout.cc(551)] PlacementList must be sorted by first 8 bits of display_id 
[9964:10748:0522/120158.307:ERROR:display_layout.cc(551)] PlacementList must be sorted by first 8 bits of display_id 
[9964:10748:0522/120243.390:ERROR:display_layout.cc(551)] PlacementList must be sorted by first 8 bits of display_id 
[9964:10748:0522/120426.184:ERROR:display_layout.cc(551)] PlacementList must be sorted by first 8 bits of display_id 
[9964:10748:0522/121711.690:ERROR:display_layout.cc(551)] PlacementList must be sorted by first 8 bits of display_id 
[9964:10748:0522/121715.213:ERROR:display_layout.cc(551)] PlacementList must be sorted by first 8 bits of display_id 
[9964:10748:0522/121715.269:ERROR:display_layout.cc(551)] PlacementList must be sorted by first 8 bits of display_id 
[9964:10748:0522/121715.436:ERROR:display_layout.cc(551)] PlacementList must be sorted by first 8 bits of display_id 
[9964:10748:0522/121715.500:ERROR:display_layout.cc(551)] PlacementList must be sorted by first 8 bits of display_id 
[9964:10748:0522/121715.567:ERROR:display_layout.cc(551)] PlacementList must be sorted by first 8 bits of display_id 
[9964:10748:0522/121729.391:ERROR:display_layout.cc(551)] PlacementList must be sorted by first 8 bits of display_id 
[9964:10748:0522/121732.520:ERROR:display_layout.cc(551)] PlacementList must be sorted by first 8 bits of display_id 
[9964:7180:0522/123148.618:ERROR:dns_config_service.cc(273)] DNS config watch failed.
[9964:10748:0522/124100.977:ERROR:display_layout.cc(551)] PlacementList must be sorted by first 8 bits of display_id 
[3692:28484:0522/124122.612:ERROR:display_layout.cc(551)] PlacementList must be sorted by first 8 bits of display_id 
[3692:28484:0522/124203.201:ERROR:display_layout.cc(551)] PlacementList must be sorted by first 8 bits of display_id 
[3692:28484:0522/124215.128:ERROR:display_layout.cc(551)] PlacementList must be sorted by first 8 bits of display_id 
[3692:28484:0522/124227.078:ERROR:display_layout.cc(551)] PlacementList must be sorted by first 8 bits of display_id 
[3692:28484:0522/124242.185:ERROR:display_layout.cc(551)] PlacementList must be sorted by first 8 bits of display_id 
[3692:28484:0522/124244.229:ERROR:display_layout.cc(551)] PlacementList must be sorted by first 8 bits of display_id 
[3692:28484:0522/124427.598:ERROR:display_layout.cc(551)] PlacementList must be sorted by first 8 bits of display_id 
[3692:28484:0522/124429.286:ERROR:display_layout.cc(551)] PlacementList must be sorted by first 8 bits of display_id 
[3692:28484:0522/140808.106:ERROR:display_layout.cc(551)] PlacementList must be sorted by first 8 bits of display_id 
[3692:28484:0522/140822.297:ERROR:display_layout.cc(551)] PlacementList must be sorted by first 8 bits of display_id 
[3692:28484:0522/140822.751:ERROR:display_layout.cc(551)] PlacementList must be sorted by first 8 bits of display_id 
[3692:28484:0522/140823.437:ERROR:display_layout.cc(551)] PlacementList must be sorted by first 8 bits of display_id 
[3692:28484:0522/140823.777:ERROR:display_layout.cc(551)] PlacementList must be sorted by first 8 bits of display_id 
[3692:28484:0522/140949.083:ERROR:display_layout.cc(551)] PlacementList must be sorted by first 8 bits of display_id 
[3692:28484:0522/141036.449:ERROR:display_layout.cc(551)] PlacementList must be sorted by first 8 bits of display_id 
[3692:28484:0522/141103.395:ERROR:display_layout.cc(551)] PlacementList must be sorted by first 8 bits of display_id 
[3692:28484:0522/141223.402:ERROR:display_layout.cc(551)] PlacementList must be sorted by first 8 bits of display_id 
[3692:28484:0522/141444.990:ERROR:display_layout.cc(551)] PlacementList must be sorted by first 8 bits of display_id 
[3692:28484:0522/141516.235:ERROR:display_layout.cc(551)] PlacementList must be sorted by first 8 bits of display_id 
[3692:28484:0522/141520.784:ERROR:display_layout.cc(551)] PlacementList must be sorted by first 8 bits of display_id 
[3692:28484:0522/141528.287:ERROR:display_layout.cc(551)] PlacementList must be sorted by first 8 bits of display_id 
[3692:28484:0522/141745.564:ERROR:display_layout.cc(551)] PlacementList must be sorted by first 8 bits of display_id 
["item------"][dyn_string 0 items
]
[3692:28484:0522/141818.176:ERROR:display_layout.cc(551)] PlacementList must be sorted by first 8 bits of display_id 
[3692:28484:0522/141952.288:ERROR:display_layout.cc(551)] PlacementList must be sorted by first 8 bits of display_id 
[3692:28484:0522/142004.933:ERROR:display_layout.cc(551)] PlacementList must be sorted by first 8 bits of display_id 
[3692:28484:0522/142031.912:ERROR:display_layout.cc(551)] PlacementList must be sorted by first 8 bits of display_id 
[3692:28484:0522/142147.728:ERROR:display_layout.cc(551)] PlacementList must be sorted by first 8 bits of display_id 
[3692:28484:0522/142210.186:ERROR:display_layout.cc(551)] PlacementList must be sorted by first 8 bits of display_id 
[3692:28484:0522/142210.695:ERROR:display_layout.cc(551)] PlacementList must be sorted by first 8 bits of display_id 
[3692:28484:0522/142212.494:ERROR:display_layout.cc(551)] PlacementList must be sorted by first 8 bits of display_id 
[3692:28484:0522/142421.488:ERROR:display_layout.cc(551)] PlacementList must be sorted by first 8 bits of display_id 
[3692:28484:0522/142427.366:ERROR:display_layout.cc(551)] PlacementList must be sorted by first 8 bits of display_id 
[3692:28484:0522/142520.623:ERROR:display_layout.cc(551)] PlacementList must be sorted by first 8 bits of display_id 
[3692:28484:0522/142531.130:ERROR:display_layout.cc(551)] PlacementList must be sorted by first 8 bits of display_id 
[3692:28484:0522/142808.007:ERROR:display_layout.cc(551)] PlacementList must be sorted by first 8 bits of display_id 
[3692:28484:0522/142811.704:ERROR:display_layout.cc(551)] PlacementList must be sorted by first 8 bits of display_id 
["item------"][dyn_string 0 items
]
[3692:28484:0522/143209.770:ERROR:display_layout.cc(551)] PlacementList must be sorted by first 8 bits of display_id 
["item------"][dyn_string 0 items
]
["item------"][dyn_string 0 items
]
[3692:28484:0522/151755.719:ERROR:display_layout.cc(551)] PlacementList must be sorted by first 8 bits of display_id 
[3692:28484:0522/151800.897:ERROR:display_layout.cc(551)] PlacementList must be sorted by first 8 bits of display_id 
[3692:28484:0522/151802.519:ERROR:display_layout.cc(551)] PlacementList must be sorted by first 8 bits of display_id 
[3692:28484:0522/151803.284:ERROR:display_layout.cc(551)] PlacementList must be sorted by first 8 bits of display_id 
[3692:28484:0522/151804.555:ERROR:display_layout.cc(551)] PlacementList must be sorted by first 8 bits of display_id 
[3692:28484:0522/151805.196:ERROR:display_layout.cc(551)] PlacementList must be sorted by first 8 bits of display_id 
[3692:28484:0522/151806.391:ERROR:display_layout.cc(551)] PlacementList must be sorted by first 8 bits of display_id 
[3692:28484:0522/151807.006:ERROR:display_layout.cc(551)] PlacementList must be sorted by first 8 bits of display_id 
[3692:28484:0522/152545.204:ERROR:display_layout.cc(551)] PlacementList must be sorted by first 8 bits of display_id 
["item------"][dyn_string 0 items
]
[3692:28484:0522/152559.017:ERROR:display_layout.cc(551)] PlacementList must be sorted by first 8 bits of display_id 
["item------"][dyn_string 0 items
]
["item------"][dyn_string 0 items
]
[3692:28484:0522/152757.100:ERROR:display_layout.cc(551)] PlacementList must be sorted by first 8 bits of display_id 
[3692:28484:0522/152852.383:ERROR:display_layout.cc(551)] PlacementList must be sorted by first 8 bits of display_id 
[3692:28484:0522/152911.582:ERROR:display_layout.cc(551)] PlacementList must be sorted by first 8 bits of display_id 
[3692:28484:0522/152931.984:ERROR:display_layout.cc(551)] PlacementList must be sorted by first 8 bits of display_id 
[3692:28484:0522/153003.348:ERROR:display_layout.cc(551)] PlacementList must be sorted by first 8 bits of display_id 
[3692:28484:0522/154057.449:ERROR:display_layout.cc(551)] PlacementList must be sorted by first 8 bits of display_id 
[3692:28484:0522/154100.412:ERROR:display_layout.cc(551)] PlacementList must be sorted by first 8 bits of display_id 
["item------"][dyn_string 2 items
     1: "\vSiemens\vSystem1\vAustria"
     2: "\vSiemens\vSystem1"
]
[3692:28484:0522/154213.482:ERROR:display_layout.cc(551)] PlacementList must be sorted by first 8 bits of display_id 
[3692:28484:0522/154215.012:ERROR:display_layout.cc(551)] PlacementList must be sorted by first 8 bits of display_id 
[3692:28484:0522/154257.778:ERROR:display_layout.cc(551)] PlacementList must be sorted by first 8 bits of display_id 
[3692:28484:0522/154332.365:ERROR:display_layout.cc(551)] PlacementList must be sorted by first 8 bits of display_id 
[3692:28484:0522/154431.623:ERROR:display_layout.cc(551)] PlacementList must be sorted by first 8 bits of display_id 
[3692:28484:0522/154448.086:ERROR:display_layout.cc(551)] PlacementList must be sorted by first 8 bits of display_id 
[3692:28484:0522/154449.402:ERROR:display_layout.cc(551)] PlacementList must be sorted by first 8 bits of display_id 
[3692:28484:0522/154540.683:ERROR:display_layout.cc(551)] PlacementList must be sorted by first 8 bits of display_id 
[3692:28484:0522/154805.626:ERROR:display_layout.cc(551)] PlacementList must be sorted by first 8 bits of display_id 
[3692:28484:0522/154905.565:ERROR:display_layout.cc(551)] PlacementList must be sorted by first 8 bits of display_id 
[3692:28484:0522/154908.309:ERROR:display_layout.cc(551)] PlacementList must be sorted by first 8 bits of display_id 
[3692:28484:0522/155020.565:ERROR:display_layout.cc(551)] PlacementList must be sorted by first 8 bits of display_id 
[3692:28484:0522/155427.904:ERROR:display_layout.cc(551)] PlacementList must be sorted by first 8 bits of display_id 
[3692:28484:0522/155644.517:ERROR:display_layout.cc(551)] PlacementList must be sorted by first 8 bits of display_id 
[3692:28484:0522/155651.016:ERROR:display_layout.cc(551)] PlacementList must be sorted by first 8 bits of display_id 
[3692:28484:0522/155652.149:ERROR:display_layout.cc(551)] PlacementList must be sorted by first 8 bits of display_id 
[3692:28484:0522/155652.802:ERROR:display_layout.cc(551)] PlacementList must be sorted by first 8 bits of display_id 
[3692:28484:0522/155805.798:ERROR:display_layout.cc(551)] PlacementList must be sorted by first 8 bits of display_id 
[3692:28484:0522/155937.517:ERROR:display_layout.cc(551)] PlacementList must be sorted by first 8 bits of display_id 
[3692:28484:0522/155943.005:ERROR:display_layout.cc(551)] PlacementList must be sorted by first 8 bits of display_id 
[3692:28484:0522/160308.544:ERROR:display_layout.cc(551)] PlacementList must be sorted by first 8 bits of display_id 
[3692:28484:0522/160326.810:ERROR:display_layout.cc(551)] PlacementList must be sorted by first 8 bits of display_id 
[3692:28484:0522/160342.675:ERROR:display_layout.cc(551)] PlacementList must be sorted by first 8 bits of display_id 
[3692:28484:0522/160348.140:ERROR:display_layout.cc(551)] PlacementList must be sorted by first 8 bits of display_id 
[3692:28484:0522/160528.143:ERROR:display_layout.cc(551)] PlacementList must be sorted by first 8 bits of display_id 
[3692:28484:0522/160536.087:ERROR:display_layout.cc(551)] PlacementList must be sorted by first 8 bits of display_id 
[3692:28484:0522/160615.822:ERROR:display_layout.cc(551)] PlacementList must be sorted by first 8 bits of display_id 
[3692:28484:0522/160656.163:ERROR:display_layout.cc(551)] PlacementList must be sorted by first 8 bits of display_id 
[3692:28484:0522/160809.987:ERROR:display_layout.cc(551)] PlacementList must be sorted by first 8 bits of display_id 
[3692:28484:0522/160824.468:ERROR:display_layout.cc(551)] PlacementList must be sorted by first 8 bits of display_id 
[3692:28484:0522/160949.172:ERROR:display_layout.cc(551)] PlacementList must be sorted by first 8 bits of display_id 
[3692:28484:0522/160958.335:ERROR:display_layout.cc(551)] PlacementList must be sorted by first 8 bits of display_id 
[3692:28484:0522/161003.445:ERROR:display_layout.cc(551)] PlacementList must be sorted by first 8 bits of display_id 
[3692:28484:0522/161104.300:ERROR:display_layout.cc(551)] PlacementList must be sorted by first 8 bits of display_id 
[3692:28484:0522/161901.002:ERROR:display_layout.cc(551)] PlacementList must be sorted by first 8 bits of display_id 
[3692:28484:0522/161930.171:ERROR:display_layout.cc(551)] PlacementList must be sorted by first 8 bits of display_id 
[3692:28484:0522/161938.180:ERROR:display_layout.cc(551)] PlacementList must be sorted by first 8 bits of display_id 
[3692:28484:0522/161951.032:ERROR:display_layout.cc(551)] PlacementList must be sorted by first 8 bits of display_id 
[3692:28484:0522/161953.020:ERROR:display_layout.cc(551)] PlacementList must be sorted by first 8 bits of display_id 
[3692:28484:0522/162003.713:ERROR:display_layout.cc(551)] PlacementList must be sorted by first 8 bits of display_id 
[3692:28484:0522/162007.869:ERROR:display_layout.cc(551)] PlacementList must be sorted by first 8 bits of display_id 
[3692:28484:0522/162108.182:ERROR:display_layout.cc(551)] PlacementList must be sorted by first 8 bits of display_id 
[3692:28484:0522/162131.048:ERROR:display_layout.cc(551)] PlacementList must be sorted by first 8 bits of display_id 
[3692:28484:0522/162133.030:ERROR:display_layout.cc(551)] PlacementList must be sorted by first 8 bits of display_id 
[3692:28484:0522/162144.961:ERROR:display_layout.cc(551)] PlacementList must be sorted by first 8 bits of display_id 
[3692:28484:0522/162212.417:ERROR:display_layout.cc(551)] PlacementList must be sorted by first 8 bits of display_id 
[3692:28484:0522/162215.123:ERROR:display_layout.cc(551)] PlacementList must be sorted by first 8 bits of display_id 
[3692:28484:0522/162221.563:ERROR:display_layout.cc(551)] PlacementList must be sorted by first 8 bits of display_id 
[3692:42868:0522/162852.319:ERROR:dns_config_service.cc(273)] DNS config watch failed.
[3692:28484:0522/170029.975:ERROR:display_layout.cc(551)] PlacementList must be sorted by first 8 bits of display_id 
[3692:28484:0522/170044.854:ERROR:display_layout.cc(551)] PlacementList must be sorted by first 8 bits of display_id 
[3692:28484:0522/170046.089:ERROR:display_layout.cc(551)] PlacementList must be sorted by first 8 bits of display_id 
[3692:28484:0522/170046.359:ERROR:display_layout.cc(551)] PlacementList must be sorted by first 8 bits of display_id 
[3692:28484:0522/170046.615:ERROR:display_layout.cc(551)] PlacementList must be sorted by first 8 bits of display_id 
[3692:28484:0522/180254.639:ERROR:display_layout.cc(551)] PlacementList must be sorted by first 8 bits of display_id 
[3692:28484:0522/180315.912:ERROR:display_layout.cc(551)] PlacementList must be sorted by first 8 bits of display_id 
[3692:28484:0522/180317.761:ERROR:display_layout.cc(551)] PlacementList must be sorted by first 8 bits of display_id 
[3692:28484:0522/183540.072:ERROR:display_layout.cc(551)] PlacementList must be sorted by first 8 bits of display_id 
[3692:28484:0522/183541.684:ERROR:display_layout.cc(551)] PlacementList must be sorted by first 8 bits of display_id 
[30456:5972:0522/210547.365:ERROR:dns_config_service.cc(273)] DNS config watch failed.
["22222"]["System1.Test1:"]
["22222"]["System1.Test1:"]
["22222"]["System1.Test1:"]
["22222"]["System1.Test1:"]
["22222"]["System1.Test1:"]
["22222"]["System1.Test1:"]
["22222"]["System1.Test1:"]
["22222"]["System1.Test1:"]
["22222"]["System1.Test1:"]
["22222"]["System1.Test1:"]
["22222"]["System1.Test1:"]
["22222"]["System1.Test1:"]
["22222"]["System1.Test1:"]
["22222"]["System1.Test1:"]
["22222"]["System1.Test1:"]
["22222"]["System1.Test1:"]
["22222"]["System1.Test1:"]
["22222"]["System1.Test1:"]
["22222"]["System1.Test1:"]
["22222"]["System1.Test1:"]
["22222"]["System1.Test1:"]
["22222"]["System1.Test1:"]
["22222"]["System1.Test1:"]
["22222"]["System1.Test1:"]
["22222"]["System1.Test1:"]
["22222"]["System1.Test1:"]
["22222"]["System1.Test1:"]
["22222"]["System1.Test1:"]
["22222"]["System1.Test1:"]
["22222"]["System1.Test1:"]
["22222"]["System1.Test1:"]
["22222"]["System1.Test1:"]
["22222"]["System1.Test1:"]
["22222"]["System1.Test1:"]
["22222"]["System1.Test1:"]
["22222"]["System1.Test1:"]
["22222"]["System1.Test1:"]
["22222"]["System1.Test1:"]
["22222"]["System1.Test1:"]
["22222"]["System1.Test1:"]
["22222"]["System1.Test1:"]
["22222"]["System1.Test1:"]
["22222"]["System1.Test1:"]
["22222"]["System1.Test1:"]
["22222"]["System1.Test1:"]
["22222"]["System1.Test1:"]
["22222"]["System1.Test1:"]
["22222"]["System1.Test1:"]
["22222"]["System1.Test1:"]
["22222"]["System1.Test1:"]
["22222"]["System1.Test1:"]
["22222"]["System1.Test1:"]
["22222"]["System1.Test1:"]
["22222"]["System1.Test1:"]
["22222"]["System1.Test1:"]
["22222"]["System1.Test1:"]
["22222"]["System1.Test1:"]
["22222"]["System1.Test1:"]
["22222"]["System1.Test1:"]
["22222"]["System1.Test1:"]
["22222"]["System1.Test1:"]
["22222"]["System1.Test1:"]
["22222"]["System1.Test1:"]
["22222"]["System1.Test1:"]
["22222"]["System1.Test1:"]
["22222"]["System1.Test1:"]
["22222"]["System1.Test1:"]
["22222"]["System1.Test1:"]
["22222"]["System1.Test1:"]
["22222"]["System1.Test1:"]
["22222"]["System1.Test1:"]
["22222"]["System1.Test1:"]
["22222"]["System1.Test1:"]
["22222"]["System1.Test1:"]
["22222"]["System1.Test1:"]
["22222"]["System1.Test1:"]
["22222"]["System1.Test1:"]
["22222"]["System1.Test1:"]
["22222"]["System1.Test1:"]
["22222"]["System1.Test1:"]
["22222"]["System1.Test1:"]
["22222"]["System1.Test1:"]
["22222"]["System1.Test1:"]
["22222"]["System1.Test1:"]
["22222"]["System1.Test1:"]
["22222"]["System1.Test1:"]
["22222"]["System1.Test1:"]
["22222"]["System1.Test1:"]
["22222"]["System1.Test1:"]
["22222"]["System1.Test1:"]
["22222"]["System1.Test1:"]
["22222"]["System1.Test1:"]
["22222"]["System1.Test1:"]
["22222"]["System1.Test1:"]
["22222"]["System1.Test1:"]
["22222"]["System1.Test1:"]
["22222"]["System1.Test1:"]
["22222"]["System1.Test1:"]
["22222"]["System1.Test1:"]
["22222"]["System1.Test1:"]
["22222"]["System1.Test1:"]
["22222"]["System1.Test1:"]
["22222"]["System1.Test1:"]
["22222"]["System1.Test1:"]
["22222"]["System1.Test1:"]
["22222"]["System1.Test1:"]
["22222"]["System1.Test1:"]
["22222"]["System1.Test1:"]
["22222"]["System1.Test1:"]
["22222"]["System1.Test1:"]
["22222"]["System1.Test1:"]
["22222"]["System1.Test1:"]
["22222"]["System1.Test1:"]
["22222"]["System1.Test1:"]
["22222"]["System1.Test1:"]
["22222"]["System1.Test1:"]
["22222"]["System1.Test1:"]
["22222"]["System1.Test1:"]
["22222"]["System1.Test1:"]
["22222"]["System1.Test1:"]
["22222"]["System1.Test1:"]
["22222"]["System1.Test1:"]
["22222"]["System1.Test1:"]
["22222"]["System1.Test1:"]
["22222"]["System1.Test1:"]
["22222"]["System1.Test1:"]
["22222"]["System1.Test1:"]
["22222"]["System1.Test1:"]
["22222"]["System1.Test1:"]
["22222"]["System1.Test1:"]
["22222"]["System1.Test1:"]
["22222"]["System1.Test1:"]
["22222"]["System1.Test1:"]
["22222"]["System1.Test1:"]
["22222"]["System1.Test1:"]
["22222"]["System1.Test1:"]
["22222"]["System1.Test1:"]
["22222"]["System1.Test1:"]
["22222"]["System1.Test1:"]
["22222"]["System1.Test1:"]
["22222"]["System1.Test1:"]
["22222"]["System1.Test1:"]
["22222"]["System1.Test1:"]
["22222"]["System1.Test1:"]
["22222"]["System1.Test1:"]
["22222"]["System1.Test1:"]
["22222"]["System1.Test1:"]
["22222"]["System1.Test1:"]
["22222"]["System1.Test1:"]
["22222"]["System1.Test1:"]
["22222"]["System1.Test1:"]
["22222"]["System1.Test1:"]
["22222"]["System1.Test1:"]
["22222"]["System1.Test1:"]
["22222"]["System1.Test1:"]
["22222"]["System1.Test1:"]
["22222"]["System1.Test1:"]
["22222"]["System1.Test1:"]
["22222"]["System1.Test1:"]
["22222"]["System1.Test1:"]
["22222"]["System1.Test1:"]
["22222"]["System1.Test1:"]
["22222"]["System1.Test1:"]
["22222"]["System1.Test1:"]
["22222"]["System1.Test1:"]
["22222"]["System1.Test1:"]
["22222"]["System1.Test1:"]
["22222"]["System1.Test1:"]
["22222"]["System1.Test1:"]
["22222"]["System1.Test1:"]
["22222"]["System1.Test1:"]
["22222"]["System1.Test1:"]
["22222"]["System1.Test1:"]
["22222"]["System1.Test1:"]
["22222"]["System1.Test1:"]
["22222"]["System1.Test1:"]
["22222"]["System1.Test1:"]
["22222"]["System1.Test1:"]
["22222"]["System1.Test1:"]
["22222"]["System1.Test1:"]
["22222"]["System1.Test1:"]
["22222"]["System1.Test1:"]
["22222"]["System1.Test1:"]
["22222"]["System1.Test1:"]
["22222"]["System1.Test1:"]
["22222"]["System1.Test1:"]
["22222"]["System1.Test1:"]
["22222"]["System1.Test1:"]
["22222"]["System1.Test1:"]
["22222"]["System1.Test1:"]
["22222"]["System1.Test1:"]
["22222"]["System1.Test1:"]
["22222"]["System1.Test1:"]
["22222"]["System1.Test1:"]
["22222"]["System1.Test1:"]
["22222"]["System1.Test1:"]
["22222"]["System1.Test1:"]
["22222"]["System1.Test1:"]
["22222"]["System1.Test1:"]
["22222"]["System1.Test1:"]
["22222"]["System1.Test1:"]
["22222"]["System1.Test1:"]
["22222"]["System1.Test1:"]
["22222"]["System1.Test1:"]
["22222"]["System1.Test1:"]
["22222"]["System1.Test1:"]
["22222"]["System1.Test1:"]
["22222"]["System1.Test1:"]
["22222"]["System1.Test1:"]
["22222"]["System1.Test1:"]
["22222"]["System1.Test1:"]
["22222"]["System1.Test1:"]
["22222"]["System1.Test1:"]
["22222"]["System1.Test1:"]
["22222"]["System1.Test1:"]
["22222"]["System1.Test1:"]
["22222"]["System1.Test1:"]
["22222"]["System1.Test1:"]
["22222"]["System1.Test1:"]
["22222"]["System1.Test1:"]
["22222"]["System1.Test1:"]
["22222"]["System1.Test1:"]
["22222"]["System1.Test1:"]
["22222"]["System1.Test1:"]
["22222"]["System1.Test1:"]
["22222"]["System1.Test1:"]
["22222"]["System1.Test1:"]
["22222"]["System1.Test1:"]
["22222"]["System1.Test1:"]
["22222"]["System1.Test1:"]
["22222"]["System1.Test1:"]
["22222"]["System1.Test1:"]
["22222"]["System1.Test1:"]
["22222"]["System1.Test1:"]
["22222"]["System1.Test1:"]
["22222"]["System1.Test1:"]
["22222"]["System1.Test1:"]
["22222"]["System1.Test1:"]
["22222"]["System1.Test1:"]
["22222"]["System1.Test1:"]
["22222"]["System1.Test1:"]
["22222"]["System1.Test1:"]
["22222"]["System1.Test1:"]
["22222"]["System1.Test1:"]
["22222"]["System1.Test1:"]
["22222"]["System1.Test1:"]
["22222"]["System1.Test1:"]
["22222"]["System1.Test1:"]
["22222"]["System1.Test1:"]
["22222"]["System1.Test1:"]
["22222"]["System1.Test1:"]
["22222"]["System1.Test1:"]
["22222"]["System1.Test1:"]
["22222"]["System1.Test1:"]
["22222"]["System1.Test1:"]
["22222"]["System1.Test1:"]
["22222"]["System1.Test1:"]
["22222"]["System1.Test1:"]
["22222"]["System1.Test1:"]
["22222"]["System1.Test1:"]
["22222"]["System1.Test1:"]
["22222"]["System1.Test1:"]
["22222"]["System1.Test1:"]
["22222"]["System1.Test1:"]
["22222"]["System1.Test1:"]
["22222"]["System1.Test1:"]
["22222"]["System1.Test1:"]
["22222"]["System1.Test1:"]
["22222"]["System1.Test1:"]
["22222"]["System1.Test1:"]
["22222"]["System1.Test1:"]
["22222"]["System1.Test1:"]
["22222"]["System1.Test1:"]
["22222"]["System1.Test1:"]
["22222"]["System1.Test1:"]
["22222"]["System1.Test1:"]
["22222"]["System1.Test1:"]
["22222"]["System1.Test1:"]
["22222"]["System1.Test1:"]
["22222"]["System1.Test1:"]
["22222"]["System1.Test1:"]
["22222"]["System1.Test1:"]
["22222"]["System1.Test1:"]
["22222"]["System1.Test1:"]
["22222"]["System1.Test1:"]
["22222"]["System1.Test1:"]
["22222"]["System1.Test1:"]
["22222"]["System1.Test1:"]
["22222"]["System1.Test1:"]
["22222"]["System1.Test1:"]
["22222"]["System1.Test1:"]
["22222"]["System1.Test1:"]
["22222"]["System1.Test1:"]
["22222"]["System1.Test1:"]
["22222"]["System1.Test1:"]
["22222"]["System1.Test1:"]
["22222"]["System1.Test1:"]
["22222"]["System1.Test1:"]
["22222"]["System1.Test1:"]
["22222"]["System1.Test1:"]
["22222"]["System1.Test1:"]
["22222"]["System1.Test1:"]
["22222"]["System1.Test1:"]
["22222"]["System1.Test1:"]
["22222"]["System1.Test1:"]
["22222"]["System1.Test1:"]
["22222"]["System1.Test1:"]
["22222"]["System1.Test1:"]
["22222"]["System1.Test1:"]
["22222"]["System1.Test1:"]
["22222"]["System1.Test1:"]
["22222"]["System1.Test1:"]
["22222"]["System1.Test1:"]
["22222"]["System1.Test1:"]
["22222"]["System1.Test1:"]
["22222"]["System1.Test1:"]
["22222"]["System1.Test1:"]
["22222"]["System1.Test1:"]
["22222"]["System1.Test1:"]
["22222"]["System1.Test1:"]
["22222"]["System1.Test1:"]
["22222"]["System1.Test1:"]
["22222"]["System1.Test1:"]
["22222"]["System1.Test1:"]
["22222"]["System1.Test1:"]
["22222"]["System1.Test1:"]
["22222"]["System1.Test1:"]
["22222"]["System1.Test1:"]
["22222"]["System1.Test1:"]
["22222"]["System1.Test1:"]
["22222"]["System1.Test1:"]
["22222"]["System1.Test1:"]
["22222"]["System1.Test1:"]
["22222"]["System1.Test1:"]
["22222"]["System1.Test1:"]
["22222"]["System1.Test1:"]
["22222"]["System1.Test1:"]
["22222"]["System1.Test1:"]
["22222"]["System1.Test1:"]
["22222"]["System1.Test1:"]
["22222"]["System1.Test1:"]
["22222"]["System1.Test1:"]
["22222"]["System1.Test1:"]
["22222"]["System1.Test1:"]
["3333"]["System1.Test1:Test1_Siemens.System1.Austria.Mattersburg.Vogler.home.Original.Tasmota.F408B1.ApparentPower"]
["22222"]["System1.Test1:"]
["22222"]["System1.Test1:"]
["22222"]["System1.Test1:"][FALSE][FALSE]
["22222"]["System1.Test1:"][FALSE][FALSE]
["22222"]["System1.Test1:"][FALSE][FALSE]
["22222"]["System1.Test1:"][FALSE][FALSE]
["22222"]["System1.Test1:"][FALSE][FALSE]
["22222"]["System1.Test1:"][FALSE][FALSE]
["22222"]["System1.Test1:"][FALSE][FALSE]
["22222"]["System1.Test1:"][FALSE][FALSE]
["22222"]["System1.Test1:"][FALSE][FALSE]
["22222"]["System1.Test1:"][FALSE][FALSE]
["22222"]["System1.Test1:"][FALSE][FALSE]
["22222"]["System1.Test1:"][FALSE][FALSE]
["22222"]["System1.Test1:"][FALSE][FALSE]
["22222"]["System1.Test1:"][FALSE][FALSE]
["22222"]["System1.Test1:"][FALSE][FALSE]
["22222"]["System1.Test1:"][FALSE][FALSE]
["22222"]["System1.Test1:"][FALSE][FALSE]
["22222"]["System1.Test1:"][FALSE][FALSE]
["22222"]["System1.Test1:"][FALSE][FALSE]
["22222"]["System1.Test1:"][FALSE][FALSE]
["22222"]["System1.Test1:"][FALSE][FALSE]
["22222"]["System1.Test1:"][FALSE][FALSE]
["22222"]["System1.Test1:"][FALSE][FALSE]
["22222"]["System1.Test1:"][FALSE][FALSE]
["22222"]["System1.Test1:"][FALSE][FALSE]
["22222"]["System1.Test1:"][FALSE][FALSE]
["22222"]["System1.Test1:"][FALSE][FALSE]
["22222"]["System1.Test1:"][FALSE][FALSE]
["22222"]["System1.Test1:"][FALSE][FALSE]
["22222"]["System1.Test1:"][FALSE][FALSE]
["22222"]["System1.Test1:"][FALSE][FALSE]
["22222"]["System1.Test1:"][FALSE][FALSE]
["22222"]["System1.Test1:"][FALSE][FALSE]
["22222"]["System1.Test1:"][FALSE][FALSE]
["22222"]["System1.Test1:"][FALSE][FALSE]
["22222"]["System1.Test1:"][FALSE][FALSE]
["22222"]["System1.Test1:"][FALSE][FALSE]
["22222"]["System1.Test1:"][FALSE][FALSE]
["22222"]["System1.Test1:"][FALSE][FALSE]
["22222"]["System1.Test1:"][FALSE][FALSE]
["22222"]["System1.Test1:"][FALSE][FALSE]
["22222"]["System1.Test1:"][FALSE][FALSE]
["22222"]["System1.Test1:"][FALSE][FALSE]
["22222"]["System1.Test1:"][FALSE][FALSE]
["22222"]["System1.Test1:"][FALSE][FALSE]
["22222"]["System1.Test1:"][FALSE][FALSE]
["22222"]["System1.Test1:"][FALSE][FALSE]
["22222"]["System1.Test1:"][FALSE][FALSE]
["22222"]["System1.Test1:"][FALSE][FALSE]
["22222"]["System1.Test1:"][FALSE][FALSE]
["22222"]["System1.Test1:"][FALSE][FALSE]
["22222"]["System1.Test1:"][FALSE][FALSE]
["22222"]["System1.Test1:"][FALSE][FALSE]
["22222"]["System1.Test1:"][FALSE][FALSE]
["22222"]["System1.Test1:"][FALSE][FALSE]
["22222"]["System1.Test1:"][FALSE][FALSE]
["22222"]["System1.Test1:"][FALSE][FALSE]
["22222"]["System1.Test1:"][FALSE][FALSE]
["22222"]["System1.Test1:"][FALSE][FALSE]
["22222"]["System1.Test1:"][FALSE][FALSE]
["22222"]["System1.Test1:"][FALSE][FALSE]
["22222"]["System1.Test1:"][FALSE][FALSE]
["22222"]["System1.Test1:"][FALSE][FALSE]
["22222"]["System1.Test1:"][FALSE][FALSE]
["22222"]["System1.Test1:"][FALSE][FALSE]
["22222"]["System1.Test1:"][FALSE][FALSE]
["22222"]["System1.Test1:"][FALSE][FALSE]
["22222"]["System1.Test1:"][FALSE][FALSE]
["22222"]["System1.Test1:"][FALSE][FALSE]
["22222"]["System1.Test1:"][FALSE][FALSE]
["22222"]["System1.Test1:"][FALSE][FALSE]
["22222"]["System1.Test1:"][FALSE][FALSE]
["22222"]["System1.Test1:"][FALSE][FALSE]
["22222"]["System1.Test1:"][FALSE][FALSE]
["22222"]["System1.Test1:"][FALSE][FALSE]
["22222"]["System1.Test1:"][FALSE][FALSE]
["22222"]["System1.Test1:"][FALSE][FALSE]
["22222"]["System1.Test1:"][FALSE][FALSE]
["22222"]["System1.Test1:"][FALSE][FALSE]
["22222"]["System1.Test1:"][FALSE][FALSE]
["22222"]["System1.Test1:"][FALSE][FALSE]
["22222"]["System1.Test1:"][FALSE][FALSE]
["22222"]["System1.Test1:"][FALSE][FALSE]
["22222"]["System1.Test1:"][FALSE][FALSE]
["22222"]["System1.Test1:"][FALSE][FALSE]
["22222"]["System1.Test1:"][FALSE][FALSE]
["22222"]["System1.Test1:"][FALSE][FALSE]
["22222"]["System1.Test1:"][FALSE][FALSE]
["22222"]["System1.Test1:"][FALSE][FALSE]
["22222"]["System1.Test1:"][FALSE][FALSE]
["22222"]["System1.Test1:"][FALSE][FALSE]
["22222"]["System1.Test1:"][FALSE][FALSE]
["22222"]["System1.Test1:"][FALSE][FALSE]
["22222"]["System1.Test1:"][FALSE][FALSE]
["22222"]["System1.Test1:"][FALSE][FALSE]
["22222"]["System1.Test1:"][FALSE][FALSE]
["22222"]["System1.Test1:"][FALSE][FALSE]
["22222"]["System1.Test1:"][FALSE][FALSE]
["22222"]["System1.Test1:"][FALSE][FALSE]
["22222"]["System1.Test1:"][FALSE][FALSE]
["22222"]["System1.Test1:"][FALSE][FALSE]
["22222"]["System1.Test1:"][FALSE][FALSE]
["22222"]["System1.Test1:"][FALSE][FALSE]
["22222"]["System1.Test1:"][FALSE][FALSE]
["22222"]["System1.Test1:"][FALSE][FALSE]
["22222"]["System1.Test1:"][FALSE][FALSE]
["22222"]["System1.Test1:"][FALSE][FALSE]
["22222"]["System1.Test1:"][FALSE][FALSE]
["22222"]["System1.Test1:"][FALSE][FALSE]
["22222"]["System1.Test1:"][FALSE][FALSE]
["22222"]["System1.Test1:"][FALSE][FALSE]
["22222"]["System1.Test1:"][FALSE][FALSE]
["22222"]["System1.Test1:"][FALSE][FALSE]
["22222"]["System1.Test1:"][FALSE][FALSE]
["22222"]["System1.Test1:"][FALSE][FALSE]
["22222"]["System1.Test1:"][FALSE][FALSE]
["22222"]["System1.Test1:"]["Test1_Siemens"][FALSE][FALSE]
["22222"]["System1.Test1:"]["Test1_Siemens"][FALSE][FALSE]
["22222"]["System1.Test1:"]["Test1_Siemens"][FALSE][FALSE]
["22222"]["System1.Test1:"]["Test1_Siemens"][FALSE][FALSE]
["22222"]["System1.Test1:"]["Test1_Siemens"][FALSE][FALSE]
["22222"]["System1.Test1:"]["Test1_Siemens"][FALSE][FALSE]
["22222"]["System1.Test1:"]["Test1_Siemens"][FALSE][FALSE]
["22222"]["System1.Test1:"]["Test1_Siemens"][FALSE][FALSE]
["22222"]["System1.Test1:"]["Test1_Siemens"][FALSE][FALSE]
["22222"]["System1.Test1:"]["Test1_Siemens"][FALSE][FALSE]
["22222"]["System1.Test1:"]["Test1_Siemens"][FALSE][FALSE]
["22222"]["System1.Test1:"]["Test1_Siemens"][FALSE][FALSE]
["22222"]["System1.Test1:"]["Test1_Siemens"][FALSE][FALSE]
["22222"]["System1.Test1:"]["Test1_Siemens"][FALSE][FALSE]
["22222"]["System1.Test1:"]["Test1_Siemens"][FALSE][FALSE]
["22222"]["System1.Test1:"]["Test1_Siemens"][FALSE][FALSE]
["22222"]["System1.Test1:"]["Test1_Siemens"][FALSE][FALSE]
["22222"]["System1.Test1:"]["Test1_Siemens"][FALSE][FALSE]
["22222"]["System1.Test1:"]["Test1_Siemens"][FALSE][FALSE]
["22222"]["System1.Test1:"]["Test1_Siemens"][FALSE][FALSE]
["22222"]["System1.Test1:"]["Test1_Siemens"][FALSE][FALSE]
["22222"]["System1.Test1:"]["Test1_Siemens"][FALSE][FALSE]
["22222"]["System1.Test1:"]["Test1_Siemens"][FALSE][FALSE]
["22222"]["System1.Test1:"]["Test1_Siemens"][FALSE][FALSE]
["22222"]["System1.Test1:"]["Test1_Siemens"][FALSE][FALSE]
["22222"]["System1.Test1:"]["Test1_Siemens"][FALSE][FALSE]
["22222"]["System1.Test1:"]["Test1_Siemens"][FALSE][FALSE]
["22222"]["System1.Test1:"]["Test1_Siemens"][FALSE][FALSE]
["22222"]["System1.Test1:"]["Test1_Siemens"][FALSE][FALSE]
["22222"]["System1.Test1:"]["Test1_Siemens"][FALSE][FALSE]
["22222"]["System1.Test1:"]["Test1_Siemens"][FALSE][FALSE]
["22222"]["System1.Test1:"]["Test1_Siemens"][FALSE][FALSE]
["22222"]["System1.Test1:"]["Test1_Siemens"][FALSE][FALSE]
["22222"]["System1.Test1:"]["Test1_Siemens"][FALSE][FALSE]
["22222"]["System1.Test1:"]["Test1_Siemens"][FALSE][FALSE]
["22222"]["System1.Test1:"]["Test1_Siemens"][FALSE][FALSE]
["22222"]["System1.Test1:"]["Test1_Siemens"][FALSE][FALSE]
["22222"]["System1.Test1:"]["Test1_Siemens"][FALSE][FALSE]
["22222"]["System1.Test1:"]["Test1_Siemens"][FALSE][FALSE]
["22222"]["System1.Test1:"]["Test1_Siemens"][FALSE][FALSE]
["22222"]["System1.Test1:"]["Test1_Siemens"][FALSE][FALSE]
["22222"]["System1.Test1:"]["Test1_Siemens"][FALSE][FALSE]
["22222"]["System1.Test1:"]["Test1_Siemens"][FALSE][FALSE]
["22222"]["System1.Test1:"]["Test1_Siemens"][FALSE][FALSE]
["22222"]["System1.Test1:"]["Test1_Siemens"][FALSE][FALSE]
["22222"]["System1.Test1:"]["Test1_Siemens"][FALSE][FALSE]
["22222"]["System1.Test1:"]["Test1_Siemens"][FALSE][FALSE]
["22222"]["System1.Test1:"]["Test1_Siemens"][FALSE][FALSE]
["22222"]["System1.Test1:"]["Test1_Siemens"][FALSE][FALSE]
["22222"]["System1.Test1:"]["Test1_Siemens"][FALSE][FALSE]
["22222"]["System1.Test1:"]["Test1_Siemens"][FALSE][FALSE]
["22222"]["System1.Test1:"]["Test1_Siemens"][FALSE][FALSE]
["22222"]["System1.Test1:"]["Test1_Siemens"][FALSE][FALSE]
["22222"]["System1.Test1:"]["Test1_Siemens"][FALSE][FALSE]
["22222"]["System1.Test1:"]["Test1_Siemens"][FALSE][FALSE]
["22222"]["System1.Test1:"]["Test1_Siemens"][FALSE][FALSE]
["22222"]["System1.Test1:"]["Test1_Siemens"][FALSE][FALSE]
["22222"]["System1.Test1:"]["Test1_Siemens"][FALSE][FALSE]
["22222"]["System1.Test1:"]["Test1_Siemens"][FALSE][FALSE]
["22222"]["System1.Test1:"]["Test1_Siemens"][FALSE][FALSE]
["22222"]["System1.Test1:"]["Test1_Siemens"][FALSE][FALSE]
["22222"]["System1.Test1:"]["Test1_Siemens"][FALSE][FALSE]
["22222"]["System1.Test1:"]["Test1_Siemens"][FALSE][FALSE]
["22222"]["System1.Test1:"]["Test1_Siemens"][FALSE][FALSE]
["22222"]["System1.Test1:"]["Test1_Siemens"][FALSE][FALSE]
["22222"]["System1.Test1:"]["Test1_Siemens"][FALSE][FALSE]
["22222"]["System1.Test1:"]["Test1_Siemens"][FALSE][FALSE]
["22222"]["System1.Test1:"]["Test1_Siemens"][FALSE][FALSE]
["22222"]["System1.Test1:"]["Test1_Siemens"][FALSE][FALSE]
["22222"]["System1.Test1:"]["Test1_Siemens"][FALSE][FALSE]
["22222"]["System1.Test1:"]["Test1_Siemens"][FALSE][FALSE]
["22222"]["System1.Test1:"]["Test1_Siemens"][FALSE][FALSE]
["22222"]["System1.Test1:"]["Test1_Siemens"][FALSE][FALSE]
["22222"]["System1.Test1:"]["Test1_Siemens"][FALSE][FALSE]
["22222"]["System1.Test1:"]["Test1_Siemens"][FALSE][FALSE]
["22222"]["System1.Test1:"]["Test1_Siemens"][FALSE][FALSE]
["22222"]["System1.Test1:"]["Test1_Siemens"][FALSE][FALSE]
["22222"]["System1.Test1:"]["Test1_Siemens"][FALSE][FALSE]
["22222"]["System1.Test1:"]["Test1_Siemens"][FALSE][FALSE]
["22222"]["System1.Test1:"]["Test1_Siemens"][FALSE][FALSE]
["22222"]["System1.Test1:"]["Test1_Siemens"][FALSE][FALSE]
["22222"]["System1.Test1:"]["Test1_Siemens"][FALSE][FALSE]
["22222"]["System1.Test1:"]["Test1_Siemens"][FALSE][FALSE]
["22222"]["System1.Test1:"]["Test1_Siemens"][FALSE][FALSE]
["22222"]["System1.Test1:"]["Test1_Siemens"][FALSE][FALSE]
["22222"]["System1.Test1:"]["Test1_Siemens"][FALSE][FALSE]
["22222"]["System1.Test1:"]["Test1_Siemens"][FALSE][FALSE]
["22222"]["System1.Test1:"]["Test1_Siemens"][FALSE][FALSE]
["22222"]["System1.Test1:"]["Test1_Siemens"][FALSE][FALSE]
["22222"]["System1.Test1:"]["Test1_Siemens"][FALSE][FALSE]
["22222"]["System1.Test1:"]["Test1_Siemens"][FALSE][FALSE]
["22222"]["System1.Test1:"]["Test1_Siemens"][FALSE][FALSE]
["22222"]["System1.Test1:"]["Test1_Siemens"][FALSE][FALSE]
["22222"]["System1.Test1:"]["Test1_Siemens"][FALSE][FALSE]
["22222"]["System1.Test1:"]["Test1_Siemens"][FALSE][FALSE]
["22222"]["System1.Test1:"]["Test1_Siemens"][FALSE][FALSE]
["22222"]["System1.Test1:"]["Test1_Siemens"][FALSE][FALSE]
["22222"]["System1.Test1:"]["Test1_Siemens"][FALSE][FALSE]
["22222"]["System1.Test1:"]["Test1_Siemens"][FALSE][FALSE]
["22222"]["System1.Test1:"]["Test1_Siemens"][FALSE][FALSE]
["22222"]["System1.Test1:"]["Test1_Siemens"][FALSE][FALSE]
["22222"]["System1.Test1:"]["Test1_Siemens"][FALSE][FALSE]
["22222"]["System1.Test1:"]["Test1_Siemens"][FALSE][FALSE]
["22222"]["System1.Test1:"]["Test1_Siemens"][FALSE][FALSE]
["22222"]["System1.Test1:"]["Test1_Siemens"][FALSE][FALSE]
["22222"]["System1.Test1:"]["Test1_Siemens"][FALSE][FALSE]
["22222"]["System1.Test1:"]["Test1_Siemens"][FALSE][FALSE]
["22222"]["System1.Test1:"]["Test1_Siemens"][FALSE][FALSE]
["22222"]["System1.Test1:"]["Test1_Siemens"][FALSE][FALSE]
["22222"]["System1.Test1:"]["Test1_Siemens"][FALSE][FALSE]
["22222"]["System1.Test1:"]["Test1_Siemens"][FALSE][FALSE]
["22222"]["System1.Test1:"]["Test1_Siemens"][FALSE][FALSE]
["22222"]["System1.Test1:"]["Test1_Siemens"][FALSE][FALSE]
["22222"]["System1.Test1:"]["Test1_Siemens"][FALSE][FALSE]
["22222"]["System1.Test1:"]["Test1_Siemens"][FALSE][FALSE]
["22222"]["System1.Test1:"]["Test1_Siemens"][FALSE][FALSE]
